2021-11-20 16:04:41,931  INFO [main] Base:45 - 
2021-11-20 16:04:54,372  INFO [main] Base:48 - Gifts Online - Send Unique, Unusual Gifts in India, Buy Gifts– Bigsmall.in
2021-11-20 16:04:54,373  INFO [main] Base:51 - Class Instantiated
2021-11-20 16:05:02,514  INFO [main] Base:55 - Click on the product diplayed
2021-11-20 16:05:07,578  INFO [main] Base:60 - Add product to the wishList
2021-11-20 16:05:07,647  INFO [main] Base:64 - Add product to the cart
2021-11-20 16:05:11,724  INFO [main] Base:69 - confirmation
2021-11-20 16:05:15,762  INFO [main] Base:74 - Displayed txt is:Receive updates on
WhatsApp
2021-11-20 16:05:19,903  INFO [main] Base:79 - Driver Closed
2021-11-20 16:05:21,575  INFO [main] Base:87 - 
2021-11-20 16:05:32,800  INFO [main] Base:90 - Gifts Online - Send Unique, Unusual Gifts in India, Buy Gifts– Bigsmall.in
2021-11-20 16:05:32,802  INFO [main] Base:93 - Class Instatiated
2021-11-20 16:05:32,837  INFO [main] Base:98 - Number of links present in the page are99
2021-11-20 16:05:32,936  INFO [main] Base:105 - Gifts Online - Send Unique, Unusual Gifts in India, Buy Gifts– Bigsmall.in
2021-11-20 16:05:33,041  INFO [main] Base:105 - Gifts Online - Send Unique, Unusual Gifts in India, Buy Gifts– Bigsmall.in
2021-11-20 16:05:33,153  INFO [main] Base:105 - Gifts Online - Send Unique, Unusual Gifts in India, Buy Gifts– Bigsmall.in
2021-11-20 16:05:33,252  INFO [main] Base:105 - Gifts Online - Send Unique, Unusual Gifts in India, Buy Gifts– Bigsmall.in
2021-11-20 16:05:38,289  INFO [main] Base:117 - Gifts Online - Send Unique, Unusual Gifts in India, Buy Gifts– Bigsmall.in
2021-11-20 16:05:40,345  INFO [main] Base:117 - Secret Santa Gifts - Secret Santa Gift Ideas– Bigsmall.in
2021-11-20 16:05:40,808  INFO [main] Base:117 - Christmas Gifts Online (2021) - Unique Christmas Gift, Secret Santa Gifts– Bigsmall.in
2021-11-20 16:05:40,994  INFO [main] Base:117 - New Unique Gift Online [2021] - Buy/Send Latest, Quirky Unusual Gifts– Bigsmall.in
2021-11-20 16:05:41,128  INFO [main] Base:117 - Personalized Gifts - Buy Unique Customized Gift Online in India [2021]– Bigsmall.in
2021-11-20 16:05:41,203  INFO [main] Base:121 - Driver Closed
2021-11-20 16:05:43,023  INFO [main] Base:131 - 
2021-11-20 16:05:52,922  INFO [main] Base:136 - Gifts Online - Send Unique, Unusual Gifts in India, Buy Gifts– Bigsmall.in
2021-11-20 16:05:52,923  INFO [main] Base:140 - Class Instantiated
2021-11-20 16:05:58,092  INFO [main] Base:143 - Clicked on Login
2021-11-20 16:05:58,312  INFO [main] Base:146 - UserName Entered
2021-11-20 16:05:58,403  INFO [main] Base:149 - Password Entered
2021-11-20 16:06:06,175  INFO [main] Base:152 - Clicked on Submit
2021-11-20 16:06:06,832  INFO [main] Base:155 - Driver Closed
2021-11-20 16:06:08,681  INFO [main] Base:163 - 
2021-11-20 16:06:19,026  INFO [main] Base:166 - Gifts Online - Send Unique, Unusual Gifts in India, Buy Gifts– Bigsmall.in
2021-11-20 16:06:19,027  INFO [main] Base:169 - Class Instantiated
2021-11-20 16:06:19,031  INFO [main] Base:172 - Hovering over a Dynamaic Dropdown
2021-11-20 16:06:32,563  INFO [main] Base:177 - Value Selected in dynamic DropDown
2021-11-20 16:06:32,636  INFO [main] Base:178 - DC Merchandise - Buy Official DC Merchandise Toys Online– Bigsmall.in
2021-11-20 16:06:32,765  INFO [main] Base:184 - Expected Value Matched
2021-11-20 16:06:36,902  INFO [main] Base:188 - Driver Closed
2021-11-20 16:06:38,500  INFO [main] Base:196 - 
2021-11-20 16:06:48,558  INFO [main] Base:199 - Gifts Online - Send Unique, Unusual Gifts in India, Buy Gifts– Bigsmall.in
2021-11-20 16:06:48,559  INFO [main] Base:202 - Class Instantiated
2021-11-20 16:06:48,581  INFO [main] Base:207 - TOtal number of links are:5
2021-11-20 16:06:48,681  INFO [main] Base:213 - Gifts Online - Send Unique, Unusual Gifts in India, Buy Gifts– Bigsmall.in
2021-11-20 16:06:48,753  INFO [main] Base:213 - Gifts Online - Send Unique, Unusual Gifts in India, Buy Gifts– Bigsmall.in
2021-11-20 16:06:48,848  INFO [main] Base:213 - Gifts Online - Send Unique, Unusual Gifts in India, Buy Gifts– Bigsmall.in
2021-11-20 16:06:48,935  INFO [main] Base:213 - Gifts Online - Send Unique, Unusual Gifts in India, Buy Gifts– Bigsmall.in
2021-11-20 16:06:48,953  INFO [main] Base:223 - Gifts Online - Send Unique, Unusual Gifts in India, Buy Gifts– Bigsmall.in
2021-11-20 16:06:58,661  INFO [main] Base:223 - Disney Merchandise - Buy Official Disney Merchandise Toys Online[2021]– Bigsmall.in
2021-11-20 16:06:58,784  INFO [main] Base:223 - Official Funko POP Merchandise - Gift For Funko Pop Action Figures Fan– Bigsmall.in
2021-11-20 16:06:59,312  INFO [main] Base:223 - Marvel Merchandise - Buy Official Marvel Merchandise Toys Online– Bigsmall.in
2021-11-20 16:06:59,439  INFO [main] Base:223 - Harry Potter Merchandise - Buy Harry Potter Gifts Online in India– Bigsmall.in
2021-11-20 16:06:59,499  INFO [main] Base:227 - Driver Closed
2021-11-20 16:07:01,133  INFO [main] Base:236 - 
2021-11-20 16:07:11,803  INFO [main] Base:239 - Gifts Online - Send Unique, Unusual Gifts in India, Buy Gifts– Bigsmall.in
2021-11-20 16:07:11,804  INFO [main] Base:242 - Class Instantiated
2021-11-20 16:07:11,829  INFO [main] Base:245 - Getting Text:What's New
2021-11-20 16:07:11,829  INFO [main] Base:247 - Doing Assertion
2021-11-20 16:07:11,830  INFO [main] Base:250 - Operation done
2021-11-20 16:07:11,904  INFO [main] Base:253 - Driver Closed
2021-11-20 16:07:13,123  INFO [main] Base:262 - 
2021-11-20 16:07:26,431  INFO [main] Base:265 - Gifts Online - Send Unique, Unusual Gifts in India, Buy Gifts– Bigsmall.in
2021-11-20 16:07:26,433  INFO [main] Base:268 - Class Instantiated
2021-11-20 16:07:36,331  INFO [main] Base:271 - Clicked on Blog:
2021-11-20 16:07:36,389  INFO [main] Base:274 - Quote is:2. You are the best brother one can have and this feeling makes me feel blessed and protected. I convey you my special prayers and thanks on this wonderful occasion of Bhai Dooj. Have a great day and a wonderful year ahead bhai!
2021-11-20 16:07:36,389  INFO [main] Base:277 - Operation done
2021-11-20 16:07:36,455  INFO [main] Base:280 - Driver Closed
2021-11-20 16:07:38,047  INFO [main] Base:289 - 
2021-11-20 16:07:47,635  INFO [main] Base:292 - Gifts Online - Send Unique, Unusual Gifts in India, Buy Gifts– Bigsmall.in
2021-11-20 16:07:47,636  INFO [main] Base:295 - Class Instantiated
2021-11-20 16:07:47,677  INFO [main] Base:304 - new Products are:
2021-11-20 16:07:47,695  INFO [main] Base:304 - new Products are:
2021-11-20 16:07:47,713  INFO [main] Base:304 - new Products are:
2021-11-20 16:07:47,731  INFO [main] Base:304 - new Products are:
2021-11-20 16:07:47,761  INFO [main] Base:304 - new Products are:
2021-11-20 16:07:47,779  INFO [main] Base:304 - new Products are:
2021-11-20 16:07:51,944  INFO [main] Base:308 - Driver Closed
2021-11-20 16:07:53,399  INFO [main] Base:318 - 
2021-11-20 16:08:02,614  INFO [main] Base:321 - Gifts Online - Send Unique, Unusual Gifts in India, Buy Gifts– Bigsmall.in
2021-11-20 16:08:02,615  INFO [main] Base:324 - Class Instantiated
2021-11-20 16:08:13,691  INFO [main] Base:332 - Driver Closed
2021-11-20 16:08:14,912  INFO [main] Base:342 - 
2021-11-20 16:08:25,799  INFO [main] Base:345 - Gifts Online - Send Unique, Unusual Gifts in India, Buy Gifts– Bigsmall.in
2021-11-20 16:08:25,800  INFO [main] Base:348 - Class Instantiated
2021-11-20 16:08:34,937  INFO [main] Base:356 - Driver Closed
