2021-11-20 15:33:54,122  INFO [main] Base:1452 - 
2021-11-20 15:34:03,795  INFO [main] Base:1455 - Gifts Online - Send Unique, Unusual Gifts in India, Buy Gifts– Bigsmall.in
2021-11-20 15:34:03,796  INFO [main] Base:1458 - Class Instantiated
2021-11-20 15:34:08,459  INFO [main] Base:1461 - Click on the product diplayed
2021-11-20 15:34:13,521  INFO [main] Base:1465 - Add product to the wishList
2021-11-20 15:34:13,568  INFO [main] Base:1468 - Add product to the cart
2021-11-20 15:34:17,641  INFO [main] Base:1472 - confirmation
2021-11-20 15:34:21,681  INFO [main] Base:1476 - Displayed txt is:Receive updates on
WhatsApp
2021-11-20 15:34:25,899  INFO [main] Base:1480 - Driver Closed
2021-11-20 15:34:27,496  INFO [main] Base:1487 - 
2021-11-20 15:34:36,486  INFO [main] Base:1489 - Gifts Online - Send Unique, Unusual Gifts in India, Buy Gifts– Bigsmall.in
2021-11-20 15:34:36,488  INFO [main] Base:1492 - Class Instatiated
2021-11-20 15:34:36,523  INFO [main] Base:1497 - Number of links present in the page are99
2021-11-20 15:34:36,592  INFO [main] Base:1504 - Gifts Online - Send Unique, Unusual Gifts in India, Buy Gifts– Bigsmall.in
2021-11-20 15:34:36,671  INFO [main] Base:1504 - Gifts Online - Send Unique, Unusual Gifts in India, Buy Gifts– Bigsmall.in
2021-11-20 15:34:36,747  INFO [main] Base:1504 - Gifts Online - Send Unique, Unusual Gifts in India, Buy Gifts– Bigsmall.in
2021-11-20 15:34:36,820  INFO [main] Base:1504 - Gifts Online - Send Unique, Unusual Gifts in India, Buy Gifts– Bigsmall.in
2021-11-20 15:34:41,841  INFO [main] Base:1516 - Gifts Online - Send Unique, Unusual Gifts in India, Buy Gifts– Bigsmall.in
2021-11-20 15:34:43,403  INFO [main] Base:1516 - Secret Santa Gifts - Secret Santa Gift Ideas– Bigsmall.in
2021-11-20 15:34:43,564  INFO [main] Base:1516 - Christmas Gifts Online (2021) - Unique Christmas Gift, Secret Santa Gifts– Bigsmall.in
2021-11-20 15:34:43,683  INFO [main] Base:1516 - New Unique Gift Online [2021] - Buy/Send Latest, Quirky Unusual Gifts– Bigsmall.in
2021-11-20 15:34:43,832  INFO [main] Base:1516 - Personalized Gifts - Buy Unique Customized Gift Online in India [2021]– Bigsmall.in
2021-11-20 15:34:43,901  INFO [main] Base:1520 - Driver Closed
2021-11-20 15:34:45,402  INFO [main] Base:1529 - 
2021-11-20 15:34:54,112  INFO [main] Base:1533 - Gifts Online - Send Unique, Unusual Gifts in India, Buy Gifts– Bigsmall.in
2021-11-20 15:34:54,113  INFO [main] Base:1537 - Class Instantiated
2021-11-20 15:35:00,501  INFO [main] Base:1540 - Clicked on Login
2021-11-20 15:35:00,600  INFO [main] Base:1543 - UserName Entered
2021-11-20 15:35:00,659  INFO [main] Base:1546 - Password Entered
2021-11-20 15:35:08,236  INFO [main] Base:1549 - Clicked on Submit
2021-11-20 15:35:12,388  INFO [main] Base:1552 - Driver Closed
2021-11-20 15:35:13,644  INFO [main] Base:1559 - 
2021-11-20 15:35:28,027  INFO [main] Base:1561 - Gifts Online - Send Unique, Unusual Gifts in India, Buy Gifts– Bigsmall.in
2021-11-20 15:35:28,028  INFO [main] Base:1564 - Class Instantiated
2021-11-20 15:35:28,030  INFO [main] Base:1567 - Hovering over a Dynamaic Dropdown
2021-11-20 15:35:41,578  INFO [main] Base:1572 - Value Selected in dynamic DropDown
2021-11-20 15:35:41,623  INFO [main] Base:1573 - DC Merchandise - Buy Official DC Merchandise Toys Online– Bigsmall.in
2021-11-20 15:35:41,730  INFO [main] Base:1579 - Expected Value Matched
2021-11-20 15:35:45,888  INFO [main] Base:1583 - Driver Closed
2021-11-20 15:35:47,479  INFO [main] Base:1590 - 
2021-11-20 15:35:55,881  INFO [main] Base:1592 - Gifts Online - Send Unique, Unusual Gifts in India, Buy Gifts– Bigsmall.in
2021-11-20 15:35:55,882  INFO [main] Base:1595 - Class Instantiated
2021-11-20 15:35:55,905  INFO [main] Base:1600 - TOtal number of links are:5
2021-11-20 15:35:55,998  INFO [main] Base:1606 - Gifts Online - Send Unique, Unusual Gifts in India, Buy Gifts– Bigsmall.in
2021-11-20 15:35:56,061  INFO [main] Base:1606 - Gifts Online - Send Unique, Unusual Gifts in India, Buy Gifts– Bigsmall.in
2021-11-20 15:35:56,179  INFO [main] Base:1606 - Gifts Online - Send Unique, Unusual Gifts in India, Buy Gifts– Bigsmall.in
2021-11-20 15:35:56,272  INFO [main] Base:1606 - Gifts Online - Send Unique, Unusual Gifts in India, Buy Gifts– Bigsmall.in
2021-11-20 15:35:56,297  INFO [main] Base:1616 - Gifts Online - Send Unique, Unusual Gifts in India, Buy Gifts– Bigsmall.in
2021-11-20 15:36:03,175  INFO [main] Base:1616 - Disney Merchandise - Buy Official Disney Merchandise Toys Online[2021]– Bigsmall.in
2021-11-20 15:36:04,077  INFO [main] Base:1616 - Official Funko POP Merchandise - Gift For Funko Pop Action Figures Fan– Bigsmall.in
2021-11-20 15:36:04,211  INFO [main] Base:1616 - Marvel Merchandise - Buy Official Marvel Merchandise Toys Online– Bigsmall.in
2021-11-20 15:36:04,363  INFO [main] Base:1616 - Harry Potter Merchandise - Buy Harry Potter Gifts Online in India– Bigsmall.in
2021-11-20 15:36:04,422  INFO [main] Base:1620 - Driver Closed
2021-11-20 15:36:06,003  INFO [main] Base:1628 - 
2021-11-20 15:36:14,960  INFO [main] Base:1630 - Gifts Online - Send Unique, Unusual Gifts in India, Buy Gifts– Bigsmall.in
2021-11-20 15:36:14,961  INFO [main] Base:1633 - Class Instantiated
2021-11-20 15:36:15,006  INFO [main] Base:1636 - Getting Text:What's New
2021-11-20 15:36:15,006  INFO [main] Base:1638 - Doing Assertion
2021-11-20 15:36:15,008  INFO [main] Base:1641 - Operation done
2021-11-20 15:36:19,171  INFO [main] Base:1644 - Driver Closed
2021-11-20 15:36:20,791  INFO [main] Base:1652 - 
2021-11-20 15:36:32,509  INFO [main] Base:1654 - Gifts Online - Send Unique, Unusual Gifts in India, Buy Gifts– Bigsmall.in
2021-11-20 15:36:32,511  INFO [main] Base:1657 - Class Instantiated
2021-11-20 15:36:40,965  INFO [main] Base:1660 - Clicked on Blog:
2021-11-20 15:36:41,045  INFO [main] Base:1663 - Quote is:2. You are the best brother one can have and this feeling makes me feel blessed and protected. I convey you my special prayers and thanks on this wonderful occasion of Bhai Dooj. Have a great day and a wonderful year ahead bhai!
2021-11-20 15:36:41,046  INFO [main] Base:1666 - Operation done
2021-11-20 15:36:41,137  INFO [main] Base:1669 - Driver Closed
2021-11-20 15:36:42,611  INFO [main] Base:1677 - 
2021-11-20 15:36:52,150  INFO [main] Base:1679 - Gifts Online - Send Unique, Unusual Gifts in India, Buy Gifts– Bigsmall.in
2021-11-20 15:36:52,152  INFO [main] Base:1682 - Class Instantiated
2021-11-20 15:36:52,190  INFO [main] Base:1691 - new Products are:
2021-11-20 15:36:52,206  INFO [main] Base:1691 - new Products are:
2021-11-20 15:36:52,222  INFO [main] Base:1691 - new Products are:
2021-11-20 15:36:52,238  INFO [main] Base:1691 - new Products are:
2021-11-20 15:36:52,256  INFO [main] Base:1691 - new Products are:
2021-11-20 15:36:52,275  INFO [main] Base:1691 - new Products are:
2021-11-20 15:36:56,436  INFO [main] Base:1695 - Driver Closed
2021-11-20 15:36:58,011  INFO [main] Base:1704 - 
2021-11-20 15:37:06,189  INFO [main] Base:1706 - Gifts Online - Send Unique, Unusual Gifts in India, Buy Gifts– Bigsmall.in
2021-11-20 15:37:06,190  INFO [main] Base:1709 - Class Instantiated
2021-11-20 15:37:14,313  INFO [main] Base:1717 - Driver Closed
2021-11-20 15:37:15,827  INFO [main] Base:1726 - 
2021-11-20 15:37:27,236  INFO [main] Base:1728 - Gifts Online - Send Unique, Unusual Gifts in India, Buy Gifts– Bigsmall.in
2021-11-20 15:37:27,237  INFO [main] Base:1731 - Class Instantiated
2021-11-20 15:37:36,197  INFO [main] Base:1739 - Driver Closed
