2021-11-20 15:05:40,199  INFO [main] Base:1450 - 
2021-11-20 15:05:50,155  INFO [main] Base:1453 - Gifts Online - Send Unique, Unusual Gifts in India, Buy Gifts– Bigsmall.in
2021-11-20 15:05:50,156  INFO [main] Base:1456 - Class Instantiated
2021-11-20 15:05:57,495  INFO [main] Base:1459 - Click on the product diplayed
2021-11-20 15:06:02,585  INFO [main] Base:1463 - Add product to the wishList
2021-11-20 15:06:02,638  INFO [main] Base:1466 - Add product to the cart
2021-11-20 15:06:06,731  INFO [main] Base:1470 - confirmation
2021-11-20 15:06:10,779  INFO [main] Base:1474 - Displayed txt is:Receive updates on
WhatsApp
2021-11-20 15:06:14,978  INFO [main] Base:1478 - Driver Closed
2021-11-20 15:06:16,517  INFO [main] Base:1485 - 
2021-11-20 15:06:26,564  INFO [main] Base:1487 - Gifts Online - Send Unique, Unusual Gifts in India, Buy Gifts– Bigsmall.in
2021-11-20 15:06:26,565  INFO [main] Base:1490 - Class Instatiated
2021-11-20 15:06:26,593  INFO [main] Base:1495 - Number of links present in the page are99
2021-11-20 15:06:26,662  INFO [main] Base:1502 - Gifts Online - Send Unique, Unusual Gifts in India, Buy Gifts– Bigsmall.in
2021-11-20 15:06:26,734  INFO [main] Base:1502 - Gifts Online - Send Unique, Unusual Gifts in India, Buy Gifts– Bigsmall.in
2021-11-20 15:06:26,808  INFO [main] Base:1502 - Gifts Online - Send Unique, Unusual Gifts in India, Buy Gifts– Bigsmall.in
2021-11-20 15:06:26,885  INFO [main] Base:1502 - Gifts Online - Send Unique, Unusual Gifts in India, Buy Gifts– Bigsmall.in
2021-11-20 15:06:31,912  INFO [main] Base:1514 - Gifts Online - Send Unique, Unusual Gifts in India, Buy Gifts– Bigsmall.in
2021-11-20 15:06:33,732  INFO [main] Base:1514 - Secret Santa Gifts - Secret Santa Gift Ideas– Bigsmall.in
2021-11-20 15:06:34,355  INFO [main] Base:1514 - Christmas Gifts Online (2021) - Unique Christmas Gift, Secret Santa Gifts– Bigsmall.in
2021-11-20 15:06:34,481  INFO [main] Base:1514 - New Unique Gift Online [2021] - Buy/Send Latest, Quirky Unusual Gifts– Bigsmall.in
2021-11-20 15:06:34,602  INFO [main] Base:1514 - Personalized Gifts - Buy Unique Customized Gift Online in India [2021]– Bigsmall.in
2021-11-20 15:06:34,674  INFO [main] Base:1518 - Driver Closed
2021-11-20 15:06:36,508  INFO [main] Base:1527 - 
2021-11-20 15:06:45,314  INFO [main] Base:1531 - Gifts Online - Send Unique, Unusual Gifts in India, Buy Gifts– Bigsmall.in
2021-11-20 15:06:45,316  INFO [main] Base:1535 - Class Instantiated
2021-11-20 15:06:48,259  INFO [main] Base:1538 - Clicked on Login
2021-11-20 15:06:48,348  INFO [main] Base:1541 - UserName Entered
2021-11-20 15:06:48,405  INFO [main] Base:1544 - Password Entered
2021-11-20 15:06:54,010  INFO [main] Base:1547 - Clicked on Submit
2021-11-20 15:06:58,154  INFO [main] Base:1550 - Driver Closed
2021-11-20 15:06:59,689  INFO [main] Base:1557 - 
2021-11-20 15:07:08,573  INFO [main] Base:1559 - Gifts Online - Send Unique, Unusual Gifts in India, Buy Gifts– Bigsmall.in
2021-11-20 15:07:08,574  INFO [main] Base:1562 - Class Instantiated
2021-11-20 15:07:08,577  INFO [main] Base:1565 - Hovering over a Dynamaic Dropdown
2021-11-20 15:07:20,674  INFO [main] Base:1570 - Value Selected in dynamic DropDown
2021-11-20 15:07:20,786  INFO [main] Base:1571 - DC Merchandise - Buy Official DC Merchandise Toys Online– Bigsmall.in
2021-11-20 15:07:20,875  INFO [main] Base:1577 - Expected Value Matched
2021-11-20 15:07:25,047  INFO [main] Base:1581 - Driver Closed
2021-11-20 15:07:26,554  INFO [main] Base:1588 - 
2021-11-20 15:07:35,909  INFO [main] Base:1590 - Gifts Online - Send Unique, Unusual Gifts in India, Buy Gifts– Bigsmall.in
2021-11-20 15:07:35,910  INFO [main] Base:1593 - Class Instantiated
2021-11-20 15:07:35,930  INFO [main] Base:1598 - TOtal number of links are:5
2021-11-20 15:07:36,022  INFO [main] Base:1604 - Gifts Online - Send Unique, Unusual Gifts in India, Buy Gifts– Bigsmall.in
2021-11-20 15:07:36,113  INFO [main] Base:1604 - Gifts Online - Send Unique, Unusual Gifts in India, Buy Gifts– Bigsmall.in
2021-11-20 15:07:36,233  INFO [main] Base:1604 - Gifts Online - Send Unique, Unusual Gifts in India, Buy Gifts– Bigsmall.in
2021-11-20 15:07:36,334  INFO [main] Base:1604 - Gifts Online - Send Unique, Unusual Gifts in India, Buy Gifts– Bigsmall.in
2021-11-20 15:07:36,360  INFO [main] Base:1614 - Gifts Online - Send Unique, Unusual Gifts in India, Buy Gifts– Bigsmall.in
2021-11-20 15:07:44,957  INFO [main] Base:1614 - Disney Merchandise - Buy Official Disney Merchandise Toys Online[2021]– Bigsmall.in
2021-11-20 15:07:45,049  INFO [main] Base:1614 - Official Funko POP Merchandise - Gift For Funko Pop Action Figures Fan– Bigsmall.in
2021-11-20 15:07:45,984  INFO [main] Base:1614 - Marvel Merchandise - Buy Official Marvel Merchandise Toys Online– Bigsmall.in
2021-11-20 15:07:46,074  INFO [main] Base:1614 - Harry Potter Merchandise - Buy Harry Potter Gifts Online in India– Bigsmall.in
2021-11-20 15:07:46,141  INFO [main] Base:1618 - Driver Closed
2021-11-20 15:07:47,772  INFO [main] Base:1626 - 
2021-11-20 15:07:59,725  INFO [main] Base:1628 - Gifts Online - Send Unique, Unusual Gifts in India, Buy Gifts– Bigsmall.in
2021-11-20 15:07:59,727  INFO [main] Base:1631 - Class Instantiated
2021-11-20 15:07:59,752  INFO [main] Base:1634 - Getting Text:What's New
2021-11-20 15:07:59,752  INFO [main] Base:1636 - Doing Assertion
2021-11-20 15:07:59,754  INFO [main] Base:1639 - Operation done
2021-11-20 15:08:03,909  INFO [main] Base:1642 - Driver Closed
2021-11-20 15:08:05,523  INFO [main] Base:1650 - 
2021-11-20 15:08:16,111  INFO [main] Base:1652 - Gifts Online - Send Unique, Unusual Gifts in India, Buy Gifts– Bigsmall.in
2021-11-20 15:08:16,112  INFO [main] Base:1655 - Class Instantiated
2021-11-20 15:08:24,685  INFO [main] Base:1658 - Clicked on Blog:
2021-11-20 15:08:24,786  INFO [main] Base:1661 - Quote is:2. You are the best brother one can have and this feeling makes me feel blessed and protected. I convey you my special prayers and thanks on this wonderful occasion of Bhai Dooj. Have a great day and a wonderful year ahead bhai!
2021-11-20 15:08:24,786  INFO [main] Base:1664 - Operation done
2021-11-20 15:08:24,873  INFO [main] Base:1667 - Driver Closed
2021-11-20 15:08:26,502  INFO [main] Base:1675 - 
2021-11-20 15:08:35,182  INFO [main] Base:1677 - Gifts Online - Send Unique, Unusual Gifts in India, Buy Gifts– Bigsmall.in
2021-11-20 15:08:35,184  INFO [main] Base:1680 - Class Instantiated
2021-11-20 15:08:35,233  INFO [main] Base:1689 - new Products are:
2021-11-20 15:08:35,251  INFO [main] Base:1689 - new Products are:
2021-11-20 15:08:35,268  INFO [main] Base:1689 - new Products are:
2021-11-20 15:08:35,285  INFO [main] Base:1689 - new Products are:
2021-11-20 15:08:35,305  INFO [main] Base:1689 - new Products are:
2021-11-20 15:08:35,322  INFO [main] Base:1689 - new Products are:
2021-11-20 15:08:39,477  INFO [main] Base:1693 - Driver Closed
