2021-11-20 16:21:05,995  INFO [main] Base:45 - 
2021-11-20 16:21:16,023  INFO [main] Base:48 - Gifts Online - Send Unique, Unusual Gifts in India, Buy Gifts– Bigsmall.in
2021-11-20 16:21:16,024  INFO [main] Base:51 - Class Instantiated
2021-11-20 16:21:20,842  INFO [main] Base:55 - Click on the product diplayed
2021-11-20 16:21:25,908  INFO [main] Base:60 - Add product to the wishList
2021-11-20 16:21:25,958  INFO [main] Base:64 - Add product to the cart
2021-11-20 16:21:30,076  INFO [main] Base:69 - confirmation
2021-11-20 16:21:34,147  INFO [main] Base:74 - Displayed txt is:Receive updates on
WhatsApp
2021-11-20 16:21:38,301  INFO [main] Base:79 - Driver Closed
2021-11-20 16:21:39,851  INFO [main] Base:87 - 
2021-11-20 16:21:48,406  INFO [main] Base:90 - Gifts Online - Send Unique, Unusual Gifts in India, Buy Gifts– Bigsmall.in
2021-11-20 16:21:48,407  INFO [main] Base:93 - Class Instatiated
2021-11-20 16:21:48,430  INFO [main] Base:98 - Number of links present in the page are99
2021-11-20 16:21:48,494  INFO [main] Base:105 - Gifts Online - Send Unique, Unusual Gifts in India, Buy Gifts– Bigsmall.in
2021-11-20 16:21:48,582  INFO [main] Base:105 - Gifts Online - Send Unique, Unusual Gifts in India, Buy Gifts– Bigsmall.in
2021-11-20 16:21:48,654  INFO [main] Base:105 - Gifts Online - Send Unique, Unusual Gifts in India, Buy Gifts– Bigsmall.in
2021-11-20 16:21:48,718  INFO [main] Base:105 - Gifts Online - Send Unique, Unusual Gifts in India, Buy Gifts– Bigsmall.in
2021-11-20 16:21:53,740  INFO [main] Base:117 - Gifts Online - Send Unique, Unusual Gifts in India, Buy Gifts– Bigsmall.in
2021-11-20 16:21:55,238  INFO [main] Base:117 - Secret Santa Gifts - Secret Santa Gift Ideas– Bigsmall.in
2021-11-20 16:21:55,498  INFO [main] Base:117 - Christmas Gifts Online (2021) - Unique Christmas Gift, Secret Santa Gifts– Bigsmall.in
2021-11-20 16:21:55,586  INFO [main] Base:117 - New Unique Gift Online [2021] - Buy/Send Latest, Quirky Unusual Gifts– Bigsmall.in
2021-11-20 16:21:55,684  INFO [main] Base:117 - Personalized Gifts - Buy Unique Customized Gift Online in India [2021]– Bigsmall.in
2021-11-20 16:21:55,752  INFO [main] Base:121 - Driver Closed
2021-11-20 16:21:57,348  INFO [main] Base:131 - 
2021-11-20 16:22:05,308  INFO [main] Base:136 - Gifts Online - Send Unique, Unusual Gifts in India, Buy Gifts– Bigsmall.in
2021-11-20 16:22:05,309  INFO [main] Base:140 - Class Instantiated
2021-11-20 16:22:08,249  INFO [main] Base:143 - Clicked on Login
2021-11-20 16:22:08,419  INFO [main] Base:146 - UserName Entered
2021-11-20 16:22:08,467  INFO [main] Base:149 - Password Entered
2021-11-20 16:22:14,064  INFO [main] Base:152 - Clicked on Submit
2021-11-20 16:22:18,226  INFO [main] Base:155 - Driver Closed
2021-11-20 16:22:19,784  INFO [main] Base:163 - 
2021-11-20 16:22:28,515  INFO [main] Base:166 - Gifts Online - Send Unique, Unusual Gifts in India, Buy Gifts– Bigsmall.in
2021-11-20 16:22:28,516  INFO [main] Base:169 - Class Instantiated
2021-11-20 16:22:28,518  INFO [main] Base:172 - Hovering over a Dynamaic Dropdown
2021-11-20 16:22:41,729  INFO [main] Base:177 - Value Selected in dynamic DropDown
2021-11-20 16:22:41,790  INFO [main] Base:178 - DC Merchandise - Buy Official DC Merchandise Toys Online– Bigsmall.in
2021-11-20 16:22:41,927  INFO [main] Base:184 - Expected Value Matched
2021-11-20 16:22:46,077  INFO [main] Base:188 - Driver Closed
2021-11-20 16:22:47,275  INFO [main] Base:196 - 
2021-11-20 16:22:56,219  INFO [main] Base:199 - Gifts Online - Send Unique, Unusual Gifts in India, Buy Gifts– Bigsmall.in
2021-11-20 16:22:56,220  INFO [main] Base:202 - Class Instantiated
2021-11-20 16:22:56,242  INFO [main] Base:207 - TOtal number of links are:5
2021-11-20 16:22:56,351  INFO [main] Base:213 - Gifts Online - Send Unique, Unusual Gifts in India, Buy Gifts– Bigsmall.in
2021-11-20 16:22:56,414  INFO [main] Base:213 - Gifts Online - Send Unique, Unusual Gifts in India, Buy Gifts– Bigsmall.in
2021-11-20 16:22:56,513  INFO [main] Base:213 - Gifts Online - Send Unique, Unusual Gifts in India, Buy Gifts– Bigsmall.in
2021-11-20 16:22:56,584  INFO [main] Base:213 - Gifts Online - Send Unique, Unusual Gifts in India, Buy Gifts– Bigsmall.in
2021-11-20 16:22:56,601  INFO [main] Base:223 - Gifts Online - Send Unique, Unusual Gifts in India, Buy Gifts– Bigsmall.in
2021-11-20 16:23:03,472  INFO [main] Base:223 - Disney Merchandise - Buy Official Disney Merchandise Toys Online[2021]– Bigsmall.in
2021-11-20 16:23:04,478  INFO [main] Base:223 - Official Funko POP Merchandise - Gift For Funko Pop Action Figures Fan– Bigsmall.in
2021-11-20 16:23:04,580  INFO [main] Base:223 - Marvel Merchandise - Buy Official Marvel Merchandise Toys Online– Bigsmall.in
2021-11-20 16:23:04,712  INFO [main] Base:223 - Harry Potter Merchandise - Buy Harry Potter Gifts Online in India– Bigsmall.in
2021-11-20 16:23:04,773  INFO [main] Base:227 - Driver Closed
2021-11-20 16:23:06,314  INFO [main] Base:236 - 
2021-11-20 16:23:17,139  INFO [main] Base:239 - Gifts Online - Send Unique, Unusual Gifts in India, Buy Gifts– Bigsmall.in
2021-11-20 16:23:17,140  INFO [main] Base:242 - Class Instantiated
2021-11-20 16:23:17,163  INFO [main] Base:245 - Getting Text:What's New
2021-11-20 16:23:17,163  INFO [main] Base:247 - Doing Assertion
2021-11-20 16:23:17,165  INFO [main] Base:250 - Operation done
2021-11-20 16:23:21,313  INFO [main] Base:253 - Driver Closed
2021-11-20 16:23:22,569  INFO [main] Base:262 - 
2021-11-20 16:23:31,541  INFO [main] Base:265 - Gifts Online - Send Unique, Unusual Gifts in India, Buy Gifts– Bigsmall.in
2021-11-20 16:23:31,542  INFO [main] Base:268 - Class Instantiated
2021-11-20 16:23:39,600  INFO [main] Base:271 - Clicked on Blog:
2021-11-20 16:23:39,713  INFO [main] Base:274 - Quote is:2. You are the best brother one can have and this feeling makes me feel blessed and protected. I convey you my special prayers and thanks on this wonderful occasion of Bhai Dooj. Have a great day and a wonderful year ahead bhai!
2021-11-20 16:23:39,713  INFO [main] Base:277 - Operation done
2021-11-20 16:23:43,845  INFO [main] Base:280 - Driver Closed
2021-11-20 16:23:45,036  INFO [main] Base:289 - 
2021-11-20 16:23:55,226  INFO [main] Base:292 - Gifts Online - Send Unique, Unusual Gifts in India, Buy Gifts– Bigsmall.in
2021-11-20 16:23:55,227  INFO [main] Base:295 - Class Instantiated
2021-11-20 16:23:55,269  INFO [main] Base:304 - new Products are:
2021-11-20 16:23:55,289  INFO [main] Base:304 - new Products are:
2021-11-20 16:23:55,308  INFO [main] Base:304 - new Products are:
2021-11-20 16:23:55,325  INFO [main] Base:304 - new Products are:
2021-11-20 16:23:55,342  INFO [main] Base:304 - new Products are:
2021-11-20 16:23:55,357  INFO [main] Base:304 - new Products are:
2021-11-20 16:23:59,502  INFO [main] Base:308 - Driver Closed
2021-11-20 16:24:01,052  INFO [main] Base:318 - 
2021-11-20 16:24:09,405  INFO [main] Base:321 - Gifts Online - Send Unique, Unusual Gifts in India, Buy Gifts– Bigsmall.in
2021-11-20 16:24:09,406  INFO [main] Base:324 - Class Instantiated
2021-11-20 16:24:19,590  INFO [main] Base:332 - Driver Closed
2021-11-20 16:24:21,081  INFO [main] Base:342 - 
2021-11-20 16:24:29,454  INFO [main] Base:345 - Gifts Online - Send Unique, Unusual Gifts in India, Buy Gifts– Bigsmall.in
2021-11-20 16:24:29,455  INFO [main] Base:348 - Class Instantiated
2021-11-20 16:24:34,447  INFO [main] Base:356 - Driver Closed
