2021-11-16 22:17:20,546  INFO [main] Base:33 - 
2021-11-16 22:17:27,945  INFO [main] Base:35 - Gifts Online - Send Unique, Unusual Gifts in India, Buy Gifts– Bigsmall.in
2021-11-16 22:17:27,951  INFO [main] Base:38 - Class Instantiated
2021-11-16 22:17:32,834  INFO [main] Base:41 - Click on the product diplayed
2021-11-16 22:17:38,131  INFO [main] Base:45 - Add product to the wishList
2021-11-16 22:17:38,507  INFO [main] Base:48 - Add product to the cart
2021-11-16 22:17:42,842  INFO [main] Base:52 - confirmation
2021-11-16 22:17:46,908  INFO [main] Base:56 - Displayed txt is:Receive updates on
WhatsApp
2021-11-16 22:17:47,248  INFO [main] Base:60 - Driver Closed
2021-11-16 22:17:50,013  INFO [main] Base:67 - 
2021-11-16 22:18:05,380  INFO [main] Base:69 - Gifts Online - Send Unique, Unusual Gifts in India, Buy Gifts– Bigsmall.in
2021-11-16 22:18:05,385  INFO [main] Base:72 - Class Instatiated
2021-11-16 22:18:05,519  INFO [main] Base:77 - Number of links present in the page are99
2021-11-16 22:18:06,376  INFO [main] Base:84 - Gifts Online - Send Unique, Unusual Gifts in India, Buy Gifts– Bigsmall.in
2021-11-16 22:18:06,617  INFO [main] Base:84 - Gifts Online - Send Unique, Unusual Gifts in India, Buy Gifts– Bigsmall.in
2021-11-16 22:18:07,475  INFO [main] Base:84 - Gifts Online - Send Unique, Unusual Gifts in India, Buy Gifts– Bigsmall.in
2021-11-16 22:18:09,228  INFO [main] Base:84 - Gifts Online - Send Unique, Unusual Gifts in India, Buy Gifts– Bigsmall.in
2021-11-16 22:18:14,313  INFO [main] Base:96 - Gifts Online - Send Unique, Unusual Gifts in India, Buy Gifts– Bigsmall.in
2021-11-16 22:18:18,629  INFO [main] Base:96 - Secret Santa Gifts - Secret Santa Gift Ideas– Bigsmall.in
2021-11-16 22:18:19,642  INFO [main] Base:96 - Christmas Gifts Online (2021) - Unique Christmas Gift, Secret Santa Gifts– Bigsmall.in
2021-11-16 22:18:21,145  INFO [main] Base:96 - New Unique Gift Online [2021] - Buy/Send Latest, Quirky Unusual Gifts– Bigsmall.in
2021-11-16 22:18:21,564  INFO [main] Base:96 - Personalized Gifts - Buy Unique Customized Gift Online in India [2021]– Bigsmall.in
2021-11-16 22:18:21,708  INFO [main] Base:100 - Driver Closed
2021-11-16 22:18:24,470  INFO [main] Base:109 - 
2021-11-16 22:18:38,323  INFO [main] Base:113 - Gifts Online - Send Unique, Unusual Gifts in India, Buy Gifts– Bigsmall.in
2021-11-16 22:18:38,330  INFO [main] Base:117 - Class Instantiated
2021-11-16 22:18:42,711  INFO [main] Base:120 - Clicked on Login
2021-11-16 22:18:43,512  INFO [main] Base:123 - UserName Entered
2021-11-16 22:18:43,706  INFO [main] Base:126 - Password Entered
2021-11-16 22:18:51,299  INFO [main] Base:129 - Clicked on Submit
2021-11-16 22:18:55,656  INFO [main] Base:132 - Driver Closed
2021-11-16 22:18:58,130  INFO [main] Base:139 - 
2021-11-16 22:19:13,498  INFO [main] Base:141 - Gifts Online - Send Unique, Unusual Gifts in India, Buy Gifts– Bigsmall.in
2021-11-16 22:19:13,504  INFO [main] Base:144 - Class Instantiated
2021-11-16 22:19:13,526  INFO [main] Base:147 - Hovering over a Dynamaic Dropdown
2021-11-16 22:19:29,374  INFO [main] Base:170 - 
2021-11-16 22:19:37,826  INFO [main] Base:172 - Gifts Online - Send Unique, Unusual Gifts in India, Buy Gifts– Bigsmall.in
2021-11-16 22:19:37,831  INFO [main] Base:175 - Class Instantiated
2021-11-16 22:19:37,894  INFO [main] Base:180 - TOtal number of links are:5
2021-11-16 22:19:39,400  INFO [main] Base:186 - Gifts Online - Send Unique, Unusual Gifts in India, Buy Gifts– Bigsmall.in
2021-11-16 22:19:41,645  INFO [main] Base:186 - Gifts Online - Send Unique, Unusual Gifts in India, Buy Gifts– Bigsmall.in
2021-11-16 22:19:41,880  INFO [main] Base:186 - Gifts Online - Send Unique, Unusual Gifts in India, Buy Gifts– Bigsmall.in
2021-11-16 22:19:42,108  INFO [main] Base:186 - Gifts Online - Send Unique, Unusual Gifts in India, Buy Gifts– Bigsmall.in
2021-11-16 22:19:42,211  INFO [main] Base:196 - Gifts Online - Send Unique, Unusual Gifts in India, Buy Gifts– Bigsmall.in
2021-11-16 22:19:53,021  INFO [main] Base:196 - Disney Merchandise - Buy Official Disney Merchandise Toys Online[2021]– Bigsmall.in
2021-11-16 22:19:57,233  INFO [main] Base:196 - Official Funko POP Merchandise - Gift For Funko Pop Action Figures Fan– Bigsmall.in
2021-11-16 22:20:04,328  INFO [main] Base:196 - Marvel Merchandise - Buy Official Marvel Merchandise Toys Online– Bigsmall.in
2021-11-16 22:20:08,482  INFO [main] Base:196 - Harry Potter Merchandise - Buy Harry Potter Gifts Online in India– Bigsmall.in
2021-11-16 22:20:09,187  INFO [main] Base:200 - Driver Closed
2021-11-16 22:20:14,626  INFO [main] Base:208 - 
2021-11-16 22:20:25,538  INFO [main] Base:210 - Gifts Online - Send Unique, Unusual Gifts in India, Buy Gifts– Bigsmall.in
2021-11-16 22:20:25,543  INFO [main] Base:213 - Class Instantiated
2021-11-16 22:20:26,441  INFO [main] Base:216 - Getting Text:What's New
2021-11-16 22:20:26,443  INFO [main] Base:218 - Doing Assertion
2021-11-16 22:20:26,452  INFO [main] Base:221 - Operation done
2021-11-16 22:20:29,732  INFO [main] Base:224 - Driver Closed
2021-11-16 22:20:33,705  INFO [main] Base:232 - 
2021-11-16 22:20:47,921  INFO [main] Base:234 - Gifts Online - Send Unique, Unusual Gifts in India, Buy Gifts– Bigsmall.in
2021-11-16 22:20:47,927  INFO [main] Base:237 - Class Instantiated
2021-11-16 22:20:55,825  INFO [main] Base:240 - Clicked on Blog:
2021-11-16 22:20:56,104  INFO [main] Base:243 - Quote is:2. You are the best brother one can have and this feeling makes me feel blessed and protected. I convey you my special prayers and thanks on this wonderful occasion of Bhai Dooj. Have a great day and a wonderful year ahead bhai!
2021-11-16 22:20:56,106  INFO [main] Base:246 - Operation done
2021-11-16 22:21:00,545  INFO [main] Base:249 - Driver Closed
2021-11-16 22:21:03,452  INFO [main] Base:257 - 
2021-11-16 22:21:21,186  INFO [main] Base:259 - Gifts Online - Send Unique, Unusual Gifts in India, Buy Gifts– Bigsmall.in
2021-11-16 22:21:21,191  INFO [main] Base:262 - Class Instantiated
2021-11-16 22:21:21,388  INFO [main] Base:271 - new Products are:
2021-11-16 22:21:21,486  INFO [main] Base:271 - new Products are:
2021-11-16 22:21:21,602  INFO [main] Base:271 - new Products are:
2021-11-16 22:21:21,738  INFO [main] Base:271 - new Products are:
2021-11-16 22:21:21,867  INFO [main] Base:271 - new Products are:
2021-11-16 22:21:22,005  INFO [main] Base:271 - new Products are:
2021-11-16 22:21:26,196  INFO [main] Base:275 - Driver Closed
