14:29:50.605 [main] DEBUG io.netty.util.internal.PlatformDependent0 - java.nio.DirectByteBuffer.<init>(long, int): unavailable
14:29:50.612 [main] DEBUG io.netty.util.internal.PlatformDependent - sun.misc.Unsafe: available
14:29:50.613 [main] DEBUG io.netty.util.internal.PlatformDependent - maxDirectMemory: 4234149888 bytes (maybe)
14:29:50.613 [main] DEBUG io.netty.util.internal.PlatformDependent - -Dio.netty.tmpdir: C:\Users\M1073018\AppData\Local\Temp (java.io.tmpdir)
14:29:50.614 [main] DEBUG io.netty.util.internal.PlatformDependent - -Dio.netty.bitMode: 64 (sun.arch.data.model)
14:29:50.614 [main] DEBUG io.netty.util.internal.PlatformDependent - Platform: Windows
14:29:50.615 [main] DEBUG io.netty.util.internal.PlatformDependent - -Dio.netty.maxDirectMemory: -1 bytes
14:29:50.615 [main] DEBUG io.netty.util.internal.PlatformDependent - -Dio.netty.uninitializedArrayAllocationThreshold: -1
14:29:50.617 [main] DEBUG io.netty.util.internal.CleanerJava9 - java.nio.ByteBuffer.cleaner(): available
14:29:50.617 [main] DEBUG io.netty.util.internal.PlatformDependent - -Dio.netty.noPreferDirect: false
14:29:50.627 [main] DEBUG io.netty.util.internal.PlatformDependent - org.jctools-core.MpscChunkedArrayQueue: available
14:29:50.746 [main] DEBUG io.netty.util.internal.InternalThreadLocalMap - -Dio.netty.threadLocalMap.stringBuilder.initialSize: 1024
14:29:50.747 [main] DEBUG io.netty.util.internal.InternalThreadLocalMap - -Dio.netty.threadLocalMap.stringBuilder.maxSize: 4096
14:29:50.895 [main] DEBUG io.netty.handler.ssl.JdkSslContext - Default protocols (JDK): [TLSv1.3, TLSv1.2] 
14:29:50.896 [main] DEBUG io.netty.handler.ssl.JdkSslContext - Default cipher suites (JDK): [TLS_ECDHE_ECDSA_WITH_AES_256_GCM_SHA384, TLS_ECDHE_ECDSA_WITH_AES_128_GCM_SHA256, TLS_ECDHE_RSA_WITH_AES_128_GCM_SHA256, TLS_ECDHE_RSA_WITH_AES_256_GCM_SHA384, TLS_ECDHE_RSA_WITH_AES_128_CBC_SHA, TLS_ECDHE_RSA_WITH_AES_256_CBC_SHA, TLS_RSA_WITH_AES_128_GCM_SHA256, TLS_RSA_WITH_AES_128_CBC_SHA, TLS_RSA_WITH_AES_256_CBC_SHA, TLS_AES_128_GCM_SHA256, TLS_AES_256_GCM_SHA384]
14:29:50.935 [main] DEBUG io.netty.channel.MultithreadEventLoopGroup - -Dio.netty.eventLoopThreads: 16
14:29:50.951 [main] DEBUG io.netty.channel.nio.NioEventLoop - -Dio.netty.noKeySetOptimization: false
14:29:50.951 [main] DEBUG io.netty.channel.nio.NioEventLoop - -Dio.netty.selectorAutoRebuildThreshold: 512
14:29:50.969 [main] TRACE io.netty.channel.nio.NioEventLoop - instrumented a special java.util.Set into: sun.nio.ch.WEPollSelectorImpl@3cbf1ba4
14:29:50.972 [main] TRACE io.netty.channel.nio.NioEventLoop - instrumented a special java.util.Set into: sun.nio.ch.WEPollSelectorImpl@3dd818e8
14:29:50.975 [main] TRACE io.netty.channel.nio.NioEventLoop - instrumented a special java.util.Set into: sun.nio.ch.WEPollSelectorImpl@4cb40e3b
14:29:50.977 [main] TRACE io.netty.channel.nio.NioEventLoop - instrumented a special java.util.Set into: sun.nio.ch.WEPollSelectorImpl@41b1f51e
14:29:50.980 [main] TRACE io.netty.channel.nio.NioEventLoop - instrumented a special java.util.Set into: sun.nio.ch.WEPollSelectorImpl@3a543f31
14:29:50.983 [main] TRACE io.netty.channel.nio.NioEventLoop - instrumented a special java.util.Set into: sun.nio.ch.WEPollSelectorImpl@47b67fcb
14:29:50.986 [main] TRACE io.netty.channel.nio.NioEventLoop - instrumented a special java.util.Set into: sun.nio.ch.WEPollSelectorImpl@2b9f74d0
14:29:50.988 [main] TRACE io.netty.channel.nio.NioEventLoop - instrumented a special java.util.Set into: sun.nio.ch.WEPollSelectorImpl@65c86db8
14:29:50.991 [main] TRACE io.netty.channel.nio.NioEventLoop - instrumented a special java.util.Set into: sun.nio.ch.WEPollSelectorImpl@7efe7b87
14:29:50.994 [main] TRACE io.netty.channel.nio.NioEventLoop - instrumented a special java.util.Set into: sun.nio.ch.WEPollSelectorImpl@ac20bb4
14:29:50.996 [main] TRACE io.netty.channel.nio.NioEventLoop - instrumented a special java.util.Set into: sun.nio.ch.WEPollSelectorImpl@5a2bd7c8
14:29:50.998 [main] TRACE io.netty.channel.nio.NioEventLoop - instrumented a special java.util.Set into: sun.nio.ch.WEPollSelectorImpl@7ca8d498
14:29:51.001 [main] TRACE io.netty.channel.nio.NioEventLoop - instrumented a special java.util.Set into: sun.nio.ch.WEPollSelectorImpl@7187bac9
14:29:51.002 [main] TRACE io.netty.channel.nio.NioEventLoop - instrumented a special java.util.Set into: sun.nio.ch.WEPollSelectorImpl@6b8280e6
14:29:51.004 [main] TRACE io.netty.channel.nio.NioEventLoop - instrumented a special java.util.Set into: sun.nio.ch.WEPollSelectorImpl@6f139fc9
14:29:51.007 [main] TRACE io.netty.channel.nio.NioEventLoop - instrumented a special java.util.Set into: sun.nio.ch.WEPollSelectorImpl@55259aa7
14:29:51.042 [main] DEBUG io.netty.buffer.PooledByteBufAllocator - -Dio.netty.allocator.numHeapArenas: 16
14:29:51.042 [main] DEBUG io.netty.buffer.PooledByteBufAllocator - -Dio.netty.allocator.numDirectArenas: 16
14:29:51.042 [main] DEBUG io.netty.buffer.PooledByteBufAllocator - -Dio.netty.allocator.pageSize: 8192
14:29:51.042 [main] DEBUG io.netty.buffer.PooledByteBufAllocator - -Dio.netty.allocator.maxOrder: 11
14:29:51.042 [main] DEBUG io.netty.buffer.PooledByteBufAllocator - -Dio.netty.allocator.chunkSize: 16777216
14:29:51.042 [main] DEBUG io.netty.buffer.PooledByteBufAllocator - -Dio.netty.allocator.smallCacheSize: 256
14:29:51.042 [main] DEBUG io.netty.buffer.PooledByteBufAllocator - -Dio.netty.allocator.normalCacheSize: 64
14:29:51.042 [main] DEBUG io.netty.buffer.PooledByteBufAllocator - -Dio.netty.allocator.maxCachedBufferCapacity: 32768
14:29:51.042 [main] DEBUG io.netty.buffer.PooledByteBufAllocator - -Dio.netty.allocator.cacheTrimInterval: 8192
14:29:51.042 [main] DEBUG io.netty.buffer.PooledByteBufAllocator - -Dio.netty.allocator.cacheTrimIntervalMillis: 0
14:29:51.042 [main] DEBUG io.netty.buffer.PooledByteBufAllocator - -Dio.netty.allocator.useCacheForAllThreads: true
14:29:51.042 [main] DEBUG io.netty.buffer.PooledByteBufAllocator - -Dio.netty.allocator.maxCachedByteBuffersPerChunk: 1023
14:29:51.064 [main] DEBUG io.netty.buffer.ByteBufUtil - -Dio.netty.allocator.type: pooled
14:29:51.064 [main] DEBUG io.netty.buffer.ByteBufUtil - -Dio.netty.threadLocalDirectBufferSize: 0
14:29:51.064 [main] DEBUG io.netty.buffer.ByteBufUtil - -Dio.netty.maxThreadLocalCharBufferSize: 16384
14:29:56.138 [Forwarding newSession on session null to remote] DEBUG io.netty.channel.DefaultChannelId - -Dio.netty.processId: 12296 (auto-detected)
14:29:56.142 [Forwarding newSession on session null to remote] DEBUG io.netty.util.NetUtil - -Djava.net.preferIPv4Stack: false
14:29:56.142 [Forwarding newSession on session null to remote] DEBUG io.netty.util.NetUtil - -Djava.net.preferIPv6Addresses: false
14:29:56.152 [Forwarding newSession on session null to remote] DEBUG io.netty.util.NetUtilInitializations - Loopback interface: lo (Software Loopback Interface 1, 127.0.0.1)
14:29:56.153 [Forwarding newSession on session null to remote] DEBUG io.netty.util.NetUtil - Failed to get SOMAXCONN from sysctl and file \proc\sys\net\core\somaxconn. Default: 200
14:29:56.183 [Forwarding newSession on session null to remote] DEBUG io.netty.channel.DefaultChannelId - -Dio.netty.machineId: 28:d0:ea:ff:fe:e2:9b:81 (auto-detected)
14:29:56.251 [AsyncHttpClient-1-2] DEBUG io.netty.buffer.AbstractByteBuf - -Dio.netty.buffer.checkAccessible: true
14:29:56.251 [AsyncHttpClient-1-2] DEBUG io.netty.buffer.AbstractByteBuf - -Dio.netty.buffer.checkBounds: true
14:29:56.251 [AsyncHttpClient-1-2] DEBUG io.netty.util.ResourceLeakDetectorFactory - Loaded default ResourceLeakDetector: io.netty.util.ResourceLeakDetector@389b2821
14:29:56.278 [AsyncHttpClient-1-2] DEBUG io.netty.util.Recycler - -Dio.netty.recycler.maxCapacityPerThread: 4096
14:29:56.278 [AsyncHttpClient-1-2] DEBUG io.netty.util.Recycler - -Dio.netty.recycler.maxSharedCapacityFactor: 2
14:29:56.278 [AsyncHttpClient-1-2] DEBUG io.netty.util.Recycler - -Dio.netty.recycler.linkCapacity: 16
14:29:56.278 [AsyncHttpClient-1-2] DEBUG io.netty.util.Recycler - -Dio.netty.recycler.ratio: 8
14:29:56.278 [AsyncHttpClient-1-2] DEBUG io.netty.util.Recycler - -Dio.netty.recycler.delayedQueue.ratio: 8
14:29:57.018 [AsyncHttpClient-1-2] DEBUG io.netty.handler.codec.compression.Brotli - brotli4j not in the classpath; Brotli support will be unavailable.
14:29:57.266 [main] DEBUG io.netty.util.internal.ThreadLocalRandom - -Dio.netty.initialSeedUniquifier: 0x7c3ac418a85ddc77
14:29:57.384 [main] INFO  com.mindtree.reusableComponant.Base - Invoking the website
14:30:07.381 [main] INFO  com.mindtree.reusableComponant.Base - Maximizing the window
14:30:07.526 [main] INFO  com.mindtree.reusableComponant.Base - Clicked on cart
14:30:07.665 [main] INFO  com.mindtree.reusableComponant.Base - Selecting the item
14:30:15.466 [main] INFO  com.mindtree.reusableComponant.Base - Adding the item to cart
14:30:15.552 [main] INFO  com.mindtree.reusableComponant.Base - Click on checkout
14:30:17.823 [main] INFO  com.mindtree.reusableComponant.Base - Closing the popup
14:30:31.264 [main] INFO  com.mindtree.reusableComponant.Base - Accessing the property file
14:30:31.264 [main] INFO  com.mindtree.reusableComponant.Base - Initializing Browser
14:30:34.136 [main] INFO  com.mindtree.reusableComponant.Base - Invoking the website
14:30:43.294 [main] INFO  com.mindtree.reusableComponant.Base - Maximizing the window
14:30:49.775 [main] INFO  com.mindtree.reusableComponant.Base - Clicking on All Of It section from Navigation Bar
14:30:49.775 [main] INFO  com.mindtree.reusableComponant.Base - Clicking on next page button
14:30:56.024 [main] INFO  com.mindtree.reusableComponant.Base - Verifying Next Page is displayed
14:30:56.208 [main] INFO  com.mindtree.reusableComponant.Base - Accessing the property file
14:30:56.208 [main] INFO  com.mindtree.reusableComponant.Base - Initializing Browser
14:30:57.782 [main] INFO  com.mindtree.reusableComponant.Base - Invoking the website
14:31:07.394 [main] INFO  com.mindtree.reusableComponant.Base - Maximizing the window
14:31:07.553 [main] INFO  com.mindtree.reusableComponant.Base - Click on contact us
14:31:12.702 [main] INFO  com.mindtree.reusableComponant.Base - Name entered
14:31:12.702 [main] INFO  com.mindtree.reusableComponant.Base - Sweta Bharti
14:31:12.703 [main] INFO  com.mindtree.reusableComponant.Base - Email-id entered
14:31:12.703 [main] INFO  com.mindtree.reusableComponant.Base - swetabharti@gmail.com
14:31:12.703 [main] INFO  com.mindtree.reusableComponant.Base - Message entered
14:31:12.703 [main] INFO  com.mindtree.reusableComponant.Base - bigsmall website
14:31:12.704 [main] INFO  com.mindtree.reusableComponant.Base - Click on submit
14:31:23.083 [main] INFO  com.mindtree.reusableComponant.Base - Accessing the property file
14:31:23.083 [main] INFO  com.mindtree.reusableComponant.Base - Initializing Browser
14:31:24.575 [main] INFO  com.mindtree.reusableComponant.Base - Invoking the website
14:31:32.890 [main] INFO  com.mindtree.reusableComponant.Base - Maximizing the window
14:31:33.036 [main] INFO  com.mindtree.reusableComponant.Base - Clicking on GiftCard
14:31:40.525 [main] INFO  com.mindtree.reusableComponant.Base - Enter post code in post code column
14:31:40.682 [main] INFO  com.mindtree.reusableComponant.Base - Desired Message is displayed
14:31:45.811 [main] INFO  com.mindtree.reusableComponant.Base - Accessing the property file
14:31:45.811 [main] INFO  com.mindtree.reusableComponant.Base - Initializing Browser
14:31:47.356 [main] INFO  com.mindtree.reusableComponant.Base - Invoking the website
14:31:55.156 [main] INFO  com.mindtree.reusableComponant.Base - Maximizing the window
14:31:55.373 [main] INFO  com.mindtree.reusableComponant.Base - Accessing the property file
14:31:55.374 [main] INFO  com.mindtree.reusableComponant.Base - Initializing Browser
14:31:56.921 [main] INFO  com.mindtree.reusableComponant.Base - Invoking the website
14:32:05.267 [main] INFO  com.mindtree.reusableComponant.Base - Maximizing the window
14:32:05.413 [main] INFO  com.mindtree.reusableComponant.Base - CLicking on sign in button
14:32:10.802 [main] INFO  com.mindtree.reusableComponant.Base - Entering username
14:32:11.029 [main] INFO  com.mindtree.reusableComponant.Base - Entering Password
14:32:11.123 [main] INFO  com.mindtree.reusableComponant.Base - Entered username= swetabharti@gmail.com
14:32:11.124 [main] INFO  com.mindtree.reusableComponant.Base - Entered password= bharti12334
14:32:11.124 [main] INFO  com.mindtree.reusableComponant.Base - Click on login
14:32:58.674 [main] INFO  com.mindtree.reusableComponant.Base - Sign in successful
14:32:58.692 [main] INFO  com.mindtree.reusableComponant.Base - Accessing the property file
14:32:58.692 [main] INFO  com.mindtree.reusableComponant.Base - Initializing Browser
14:33:00.290 [main] INFO  com.mindtree.reusableComponant.Base - Invoking the website
14:33:08.912 [main] INFO  com.mindtree.reusableComponant.Base - Maximizing the window
14:33:09.053 [main] INFO  com.mindtree.reusableComponant.Base - Hovered over Official Merchandise Tab
14:33:11.267 [main] INFO  com.mindtree.reusableComponant.Base - Hovered to Marvel Merchandise in subsection and clicked on it
14:33:19.310 [main] INFO  com.mindtree.reusableComponant.Base - Title Verified
14:33:19.329 [main] INFO  com.mindtree.reusableComponant.Base - Accessing the property file
14:33:19.329 [main] INFO  com.mindtree.reusableComponant.Base - Initializing Browser
14:33:20.956 [main] INFO  com.mindtree.reusableComponant.Base - Invoking the website
14:33:28.812 [main] INFO  com.mindtree.reusableComponant.Base - Maximizing the window
14:33:28.950 [main] INFO  com.mindtree.reusableComponant.Base - Entering text into the search bar
14:33:44.984 [main] INFO  com.mindtree.reusableComponant.Base - Product dsiplayed
14:33:45.079 [main] INFO  com.mindtree.reusableComponant.Base - Accessing the property file
14:33:45.079 [main] INFO  com.mindtree.reusableComponant.Base - Initializing Browser
14:33:46.595 [main] INFO  com.mindtree.reusableComponant.Base - Invoking the website
14:33:55.670 [main] INFO  com.mindtree.reusableComponant.Base - Maximizing the window
14:34:00.885 [main] INFO  com.mindtree.reusableComponant.Base - Accessing the property file
14:34:00.886 [main] INFO  com.mindtree.reusableComponant.Base - Initializing Browser
14:34:02.501 [main] INFO  com.mindtree.reusableComponant.Base - Invoking the website
14:34:11.922 [main] INFO  com.mindtree.reusableComponant.Base - Maximizing the window
14:34:12.072 [main] INFO  com.mindtree.reusableComponant.Base - Searching an item from the search bar
14:34:23.548 [main] INFO  com.mindtree.reusableComponant.Base - Clicked on the desired product
14:34:28.547 [main] INFO  com.mindtree.reusableComponant.Base - Clicked on the Add to wishlist
14:34:33.633 [main] INFO  com.mindtree.reusableComponant.Base - Clicked on View product in wishlist link and naviagated to the page
14:34:44.377 [main] INFO  com.mindtree.reusableComponant.Base - Product verified
14:34:49.844 [AsyncHttpClient-1-2] DEBUG io.netty.buffer.PoolThreadCache - Freed 25 thread-local buffer(s) from thread: AsyncHttpClient-1-2
14:34:49.847 [AsyncHttpClient-1-5] DEBUG io.netty.buffer.PoolThreadCache - Freed 19 thread-local buffer(s) from thread: AsyncHttpClient-1-5
14:34:49.848 [AsyncHttpClient-1-11] DEBUG io.netty.buffer.PoolThreadCache - Freed 20 thread-local buffer(s) from thread: AsyncHttpClient-1-11
14:34:49.850 [AsyncHttpClient-1-8] DEBUG io.netty.buffer.PoolThreadCache - Freed 15 thread-local buffer(s) from thread: AsyncHttpClient-1-8
14:34:49.854 [AsyncHttpClient-1-17] DEBUG io.netty.buffer.PoolThreadCache - Freed 24 thread-local buffer(s) from thread: AsyncHttpClient-1-17
16:03:18.662 [main] INFO  com.mindtree.reusableComponant.Base - Accessing the property file
16:03:18.667 [main] INFO  com.mindtree.reusableComponant.Base - Initializing Browser
16:03:18.797 [main] DEBUG io.netty.util.internal.logging.InternalLoggerFactory - Using Log4J2 as the default logging framework
16:03:18.805 [main] DEBUG io.netty.util.ResourceLeakDetector - -Dio.netty.leakDetection.level: simple
16:03:18.805 [main] DEBUG io.netty.util.ResourceLeakDetector - -Dio.netty.leakDetection.targetRecords: 4
16:03:18.810 [main] DEBUG io.netty.util.ResourceLeakDetectorFactory - Loaded default ResourceLeakDetector: io.netty.util.ResourceLeakDetector@1fde4f40
16:03:18.837 [main] DEBUG io.netty.util.internal.PlatformDependent0 - -Dio.netty.noUnsafe: false
16:03:18.837 [main] DEBUG io.netty.util.internal.PlatformDependent0 - Java version: 17
16:03:18.838 [main] DEBUG io.netty.util.internal.PlatformDependent0 - sun.misc.Unsafe.theUnsafe: available
16:03:18.839 [main] DEBUG io.netty.util.internal.PlatformDependent0 - sun.misc.Unsafe.copyMemory: available
16:03:18.840 [main] DEBUG io.netty.util.internal.PlatformDependent0 - java.nio.Buffer.address: available
16:03:18.842 [main] DEBUG io.netty.util.internal.PlatformDependent0 - direct buffer constructor: unavailable
java.lang.UnsupportedOperationException: Reflective setAccessible(true) disabled
	at io.netty.util.internal.ReflectionUtil.trySetAccessible(ReflectionUtil.java:31) ~[netty-common-4.1.68.Final.jar:4.1.68.Final]
	at io.netty.util.internal.PlatformDependent0$4.run(PlatformDependent0.java:253) ~[netty-common-4.1.68.Final.jar:4.1.68.Final]
	at java.security.AccessController.doPrivileged(AccessController.java:318) ~[?:?]
	at io.netty.util.internal.PlatformDependent0.<clinit>(PlatformDependent0.java:247) ~[netty-common-4.1.68.Final.jar:4.1.68.Final]
	at io.netty.util.internal.PlatformDependent.isAndroid(PlatformDependent.java:294) ~[netty-common-4.1.68.Final.jar:4.1.68.Final]
	at io.netty.util.internal.PlatformDependent.<clinit>(PlatformDependent.java:88) ~[netty-common-4.1.68.Final.jar:4.1.68.Final]
	at io.netty.util.HashedWheelTimer.<init>(HashedWheelTimer.java:112) ~[netty-common-4.1.68.Final.jar:4.1.68.Final]
	at io.netty.util.HashedWheelTimer.<init>(HashedWheelTimer.java:221) ~[netty-common-4.1.68.Final.jar:4.1.68.Final]
	at io.netty.util.HashedWheelTimer.<init>(HashedWheelTimer.java:200) ~[netty-common-4.1.68.Final.jar:4.1.68.Final]
	at org.asynchttpclient.DefaultAsyncHttpClient.newNettyTimer(DefaultAsyncHttpClient.java:111) ~[async-http-client-2.12.3.jar:?]
	at org.asynchttpclient.DefaultAsyncHttpClient.<init>(DefaultAsyncHttpClient.java:90) ~[async-http-client-2.12.3.jar:?]
	at org.asynchttpclient.Dsl.asyncHttpClient(Dsl.java:32) ~[async-http-client-2.12.3.jar:?]
	at org.openqa.selenium.remote.http.netty.NettyClient.createHttpClient(NettyClient.java:114) ~[selenium-remote-driver-4.0.0-rc-3.jar:?]
	at org.openqa.selenium.remote.http.netty.NettyClient.<clinit>(NettyClient.java:57) ~[selenium-remote-driver-4.0.0-rc-3.jar:?]
	at org.openqa.selenium.remote.http.netty.NettyClient$Factory.createClient(NettyClient.java:163) ~[selenium-remote-driver-4.0.0-rc-3.jar:?]
	at org.openqa.selenium.remote.HttpCommandExecutor.<init>(HttpCommandExecutor.java:107) ~[selenium-remote-driver-4.0.0-rc-3.jar:?]
	at org.openqa.selenium.remote.HttpCommandExecutor.<init>(HttpCommandExecutor.java:94) ~[selenium-remote-driver-4.0.0-rc-3.jar:?]
	at org.openqa.selenium.remote.HttpCommandExecutor.<init>(HttpCommandExecutor.java:85) ~[selenium-remote-driver-4.0.0-rc-3.jar:?]
	at org.openqa.selenium.remote.service.DriverCommandExecutor.<init>(DriverCommandExecutor.java:77) ~[selenium-remote-driver-4.0.0-rc-3.jar:?]
	at org.openqa.selenium.chromium.ChromiumDriverCommandExecutor.<init>(ChromiumDriverCommandExecutor.java:35) ~[selenium-chromium-driver-4.0.0-rc-3.jar:?]
	at org.openqa.selenium.chrome.ChromeDriver$ChromeDriverCommandExecutor.<init>(ChromeDriver.java:111) ~[selenium-chrome-driver-4.0.0-rc-3.jar:?]
	at org.openqa.selenium.chrome.ChromeDriver.<init>(ChromeDriver.java:104) ~[selenium-chrome-driver-4.0.0-rc-3.jar:?]
	at org.openqa.selenium.chrome.ChromeDriver.<init>(ChromeDriver.java:91) ~[selenium-chrome-driver-4.0.0-rc-3.jar:?]
	at org.openqa.selenium.chrome.ChromeDriver.<init>(ChromeDriver.java:46) ~[selenium-chrome-driver-4.0.0-rc-3.jar:?]
	at com.mindtree.reusableComponant.Base.initializeDriver(Base.java:34) ~[test-classes/:?]
	at com.mindtree.stepDefinitions.AddtoCartstepDefinition.user_lands_on_home_page(AddtoCartstepDefinition.java:31) ~[test-classes/:?]
	at jdk.internal.reflect.NativeMethodAccessorImpl.invoke0(Native Method) ~[?:?]
	at jdk.internal.reflect.NativeMethodAccessorImpl.invoke(NativeMethodAccessorImpl.java:77) ~[?:?]
	at jdk.internal.reflect.DelegatingMethodAccessorImpl.invoke(DelegatingMethodAccessorImpl.java:43) ~[?:?]
	at java.lang.reflect.Method.invoke(Method.java:568) ~[?:?]
	at io.cucumber.java.Invoker.doInvoke(Invoker.java:66) ~[cucumber-java-7.0.0.jar:7.0.0]
	at io.cucumber.java.Invoker.invoke(Invoker.java:24) ~[cucumber-java-7.0.0.jar:7.0.0]
	at io.cucumber.java.AbstractGlueDefinition.invokeMethod(AbstractGlueDefinition.java:47) ~[cucumber-java-7.0.0.jar:7.0.0]
	at io.cucumber.java.JavaStepDefinition.execute(JavaStepDefinition.java:29) ~[cucumber-java-7.0.0.jar:7.0.0]
	at io.cucumber.core.runner.CoreStepDefinition.execute(CoreStepDefinition.java:66) ~[cucumber-core-7.0.0.jar:7.0.0]
	at io.cucumber.core.runner.PickleStepDefinitionMatch.runStep(PickleStepDefinitionMatch.java:63) ~[cucumber-core-7.0.0.jar:7.0.0]
	at io.cucumber.core.runner.ExecutionMode$1.execute(ExecutionMode.java:10) ~[cucumber-core-7.0.0.jar:7.0.0]
	at io.cucumber.core.runner.TestStep.executeStep(TestStep.java:86) ~[cucumber-core-7.0.0.jar:7.0.0]
	at io.cucumber.core.runner.TestStep.run(TestStep.java:57) ~[cucumber-core-7.0.0.jar:7.0.0]
	at io.cucumber.core.runner.PickleStepTestStep.run(PickleStepTestStep.java:51) ~[cucumber-core-7.0.0.jar:7.0.0]
	at io.cucumber.core.runner.TestCase.run(TestCase.java:95) ~[cucumber-core-7.0.0.jar:7.0.0]
	at io.cucumber.core.runner.Runner.runPickle(Runner.java:75) ~[cucumber-core-7.0.0.jar:7.0.0]
	at io.cucumber.testng.TestNGCucumberRunner.lambda$runScenario$1(TestNGCucumberRunner.java:132) ~[cucumber-testng-7.0.0.jar:7.0.0]
	at io.cucumber.core.runtime.CucumberExecutionContext.lambda$runTestCase$3(CucumberExecutionContext.java:110) ~[cucumber-core-7.0.0.jar:7.0.0]
	at io.cucumber.core.runtime.RethrowingThrowableCollector.executeAndThrow(RethrowingThrowableCollector.java:23) ~[cucumber-core-7.0.0.jar:7.0.0]
	at io.cucumber.core.runtime.CucumberExecutionContext.runTestCase(CucumberExecutionContext.java:110) ~[cucumber-core-7.0.0.jar:7.0.0]
	at io.cucumber.testng.TestNGCucumberRunner.runScenario(TestNGCucumberRunner.java:129) ~[cucumber-testng-7.0.0.jar:7.0.0]
	at io.cucumber.testng.AbstractTestNGCucumberTests.runScenario(AbstractTestNGCucumberTests.java:35) ~[cucumber-testng-7.0.0.jar:7.0.0]
	at jdk.internal.reflect.NativeMethodAccessorImpl.invoke0(Native Method) ~[?:?]
	at jdk.internal.reflect.NativeMethodAccessorImpl.invoke(NativeMethodAccessorImpl.java:77) ~[?:?]
	at jdk.internal.reflect.DelegatingMethodAccessorImpl.invoke(DelegatingMethodAccessorImpl.java:43) ~[?:?]
	at java.lang.reflect.Method.invoke(Method.java:568) ~[?:?]
	at org.testng.internal.MethodInvocationHelper.invokeMethod(MethodInvocationHelper.java:133) ~[org.testng_7.4.0.r202105021533.jar:7.4.0]
	at org.testng.internal.TestInvoker.invokeMethod(TestInvoker.java:598) ~[org.testng_7.4.0.r202105021533.jar:7.4.0]
	at org.testng.internal.TestInvoker.invokeTestMethod(TestInvoker.java:173) ~[org.testng_7.4.0.r202105021533.jar:7.4.0]
	at org.testng.internal.MethodRunner.runInSequence(MethodRunner.java:46) ~[org.testng_7.4.0.r202105021533.jar:7.4.0]
	at org.testng.internal.TestInvoker$MethodInvocationAgent.invoke(TestInvoker.java:824) ~[org.testng_7.4.0.r202105021533.jar:7.4.0]
	at org.testng.internal.TestInvoker.invokeTestMethods(TestInvoker.java:146) ~[org.testng_7.4.0.r202105021533.jar:7.4.0]
	at org.testng.internal.TestMethodWorker.invokeTestMethods(TestMethodWorker.java:146) ~[org.testng_7.4.0.r202105021533.jar:7.4.0]
	at org.testng.internal.TestMethodWorker.run(TestMethodWorker.java:128) ~[org.testng_7.4.0.r202105021533.jar:7.4.0]
	at java.util.ArrayList.forEach(ArrayList.java:1511) [?:?]
	at org.testng.TestRunner.privateRun(TestRunner.java:794) [org.testng_7.4.0.r202105021533.jar:7.4.0]
	at org.testng.TestRunner.run(TestRunner.java:596) [org.testng_7.4.0.r202105021533.jar:7.4.0]
	at org.testng.SuiteRunner.runTest(SuiteRunner.java:377) [org.testng_7.4.0.r202105021533.jar:7.4.0]
	at org.testng.SuiteRunner.runSequentially(SuiteRunner.java:371) [org.testng_7.4.0.r202105021533.jar:7.4.0]
	at org.testng.SuiteRunner.privateRun(SuiteRunner.java:332) [org.testng_7.4.0.r202105021533.jar:7.4.0]
	at org.testng.SuiteRunner.run(SuiteRunner.java:276) [org.testng_7.4.0.r202105021533.jar:7.4.0]
	at org.testng.SuiteRunnerWorker.runSuite(SuiteRunnerWorker.java:53) [org.testng_7.4.0.r202105021533.jar:7.4.0]
	at org.testng.SuiteRunnerWorker.run(SuiteRunnerWorker.java:96) [org.testng_7.4.0.r202105021533.jar:7.4.0]
	at org.testng.TestNG.runSuitesSequentially(TestNG.java:1212) [org.testng_7.4.0.r202105021533.jar:7.4.0]
	at org.testng.TestNG.runSuitesLocally(TestNG.java:1134) [org.testng_7.4.0.r202105021533.jar:7.4.0]
	at org.testng.TestNG.runSuites(TestNG.java:1063) [org.testng_7.4.0.r202105021533.jar:7.4.0]
	at org.testng.TestNG.run(TestNG.java:1031) [org.testng_7.4.0.r202105021533.jar:7.4.0]
	at org.testng.remote.AbstractRemoteTestNG.run(AbstractRemoteTestNG.java:115) [testng-remote.jar:?]
	at org.testng.remote.RemoteTestNG.initAndRun(RemoteTestNG.java:251) [testng-remote.jar:?]
	at org.testng.remote.RemoteTestNG.main(RemoteTestNG.java:77) [testng-remote.jar:?]
16:03:18.856 [main] DEBUG io.netty.util.internal.PlatformDependent0 - java.nio.Bits.unaligned: available, true
16:03:18.858 [main] DEBUG io.netty.util.internal.PlatformDependent0 - jdk.internal.misc.Unsafe.allocateUninitializedArray(int): unavailable
java.lang.IllegalAccessException: class io.netty.util.internal.PlatformDependent0$6 cannot access class jdk.internal.misc.Unsafe (in module java.base) because module java.base does not export jdk.internal.misc to unnamed module @2c9f9fb0
	at jdk.internal.reflect.Reflection.newIllegalAccessException(Reflection.java:392) ~[?:?]
	at java.lang.reflect.AccessibleObject.checkAccess(AccessibleObject.java:674) ~[?:?]
	at java.lang.reflect.Method.invoke(Method.java:560) ~[?:?]
	at io.netty.util.internal.PlatformDependent0$6.run(PlatformDependent0.java:375) ~[netty-common-4.1.68.Final.jar:4.1.68.Final]
	at java.security.AccessController.doPrivileged(AccessController.java:318) ~[?:?]
	at io.netty.util.internal.PlatformDependent0.<clinit>(PlatformDependent0.java:366) ~[netty-common-4.1.68.Final.jar:4.1.68.Final]
	at io.netty.util.internal.PlatformDependent.isAndroid(PlatformDependent.java:294) ~[netty-common-4.1.68.Final.jar:4.1.68.Final]
	at io.netty.util.internal.PlatformDependent.<clinit>(PlatformDependent.java:88) ~[netty-common-4.1.68.Final.jar:4.1.68.Final]
	at io.netty.util.HashedWheelTimer.<init>(HashedWheelTimer.java:112) ~[netty-common-4.1.68.Final.jar:4.1.68.Final]
	at io.netty.util.HashedWheelTimer.<init>(HashedWheelTimer.java:221) ~[netty-common-4.1.68.Final.jar:4.1.68.Final]
	at io.netty.util.HashedWheelTimer.<init>(HashedWheelTimer.java:200) ~[netty-common-4.1.68.Final.jar:4.1.68.Final]
	at org.asynchttpclient.DefaultAsyncHttpClient.newNettyTimer(DefaultAsyncHttpClient.java:111) ~[async-http-client-2.12.3.jar:?]
	at org.asynchttpclient.DefaultAsyncHttpClient.<init>(DefaultAsyncHttpClient.java:90) ~[async-http-client-2.12.3.jar:?]
	at org.asynchttpclient.Dsl.asyncHttpClient(Dsl.java:32) ~[async-http-client-2.12.3.jar:?]
	at org.openqa.selenium.remote.http.netty.NettyClient.createHttpClient(NettyClient.java:114) ~[selenium-remote-driver-4.0.0-rc-3.jar:?]
	at org.openqa.selenium.remote.http.netty.NettyClient.<clinit>(NettyClient.java:57) ~[selenium-remote-driver-4.0.0-rc-3.jar:?]
	at org.openqa.selenium.remote.http.netty.NettyClient$Factory.createClient(NettyClient.java:163) ~[selenium-remote-driver-4.0.0-rc-3.jar:?]
	at org.openqa.selenium.remote.HttpCommandExecutor.<init>(HttpCommandExecutor.java:107) ~[selenium-remote-driver-4.0.0-rc-3.jar:?]
	at org.openqa.selenium.remote.HttpCommandExecutor.<init>(HttpCommandExecutor.java:94) ~[selenium-remote-driver-4.0.0-rc-3.jar:?]
	at org.openqa.selenium.remote.HttpCommandExecutor.<init>(HttpCommandExecutor.java:85) ~[selenium-remote-driver-4.0.0-rc-3.jar:?]
	at org.openqa.selenium.remote.service.DriverCommandExecutor.<init>(DriverCommandExecutor.java:77) ~[selenium-remote-driver-4.0.0-rc-3.jar:?]
	at org.openqa.selenium.chromium.ChromiumDriverCommandExecutor.<init>(ChromiumDriverCommandExecutor.java:35) ~[selenium-chromium-driver-4.0.0-rc-3.jar:?]
	at org.openqa.selenium.chrome.ChromeDriver$ChromeDriverCommandExecutor.<init>(ChromeDriver.java:111) ~[selenium-chrome-driver-4.0.0-rc-3.jar:?]
	at org.openqa.selenium.chrome.ChromeDriver.<init>(ChromeDriver.java:104) ~[selenium-chrome-driver-4.0.0-rc-3.jar:?]
	at org.openqa.selenium.chrome.ChromeDriver.<init>(ChromeDriver.java:91) ~[selenium-chrome-driver-4.0.0-rc-3.jar:?]
	at org.openqa.selenium.chrome.ChromeDriver.<init>(ChromeDriver.java:46) ~[selenium-chrome-driver-4.0.0-rc-3.jar:?]
	at com.mindtree.reusableComponant.Base.initializeDriver(Base.java:34) ~[test-classes/:?]
	at com.mindtree.stepDefinitions.AddtoCartstepDefinition.user_lands_on_home_page(AddtoCartstepDefinition.java:31) ~[test-classes/:?]
	at jdk.internal.reflect.NativeMethodAccessorImpl.invoke0(Native Method) ~[?:?]
	at jdk.internal.reflect.NativeMethodAccessorImpl.invoke(NativeMethodAccessorImpl.java:77) ~[?:?]
	at jdk.internal.reflect.DelegatingMethodAccessorImpl.invoke(DelegatingMethodAccessorImpl.java:43) ~[?:?]
	at java.lang.reflect.Method.invoke(Method.java:568) ~[?:?]
	at io.cucumber.java.Invoker.doInvoke(Invoker.java:66) ~[cucumber-java-7.0.0.jar:7.0.0]
	at io.cucumber.java.Invoker.invoke(Invoker.java:24) ~[cucumber-java-7.0.0.jar:7.0.0]
	at io.cucumber.java.AbstractGlueDefinition.invokeMethod(AbstractGlueDefinition.java:47) ~[cucumber-java-7.0.0.jar:7.0.0]
	at io.cucumber.java.JavaStepDefinition.execute(JavaStepDefinition.java:29) ~[cucumber-java-7.0.0.jar:7.0.0]
	at io.cucumber.core.runner.CoreStepDefinition.execute(CoreStepDefinition.java:66) ~[cucumber-core-7.0.0.jar:7.0.0]
	at io.cucumber.core.runner.PickleStepDefinitionMatch.runStep(PickleStepDefinitionMatch.java:63) ~[cucumber-core-7.0.0.jar:7.0.0]
	at io.cucumber.core.runner.ExecutionMode$1.execute(ExecutionMode.java:10) ~[cucumber-core-7.0.0.jar:7.0.0]
	at io.cucumber.core.runner.TestStep.executeStep(TestStep.java:86) ~[cucumber-core-7.0.0.jar:7.0.0]
	at io.cucumber.core.runner.TestStep.run(TestStep.java:57) ~[cucumber-core-7.0.0.jar:7.0.0]
	at io.cucumber.core.runner.PickleStepTestStep.run(PickleStepTestStep.java:51) ~[cucumber-core-7.0.0.jar:7.0.0]
	at io.cucumber.core.runner.TestCase.run(TestCase.java:95) ~[cucumber-core-7.0.0.jar:7.0.0]
	at io.cucumber.core.runner.Runner.runPickle(Runner.java:75) ~[cucumber-core-7.0.0.jar:7.0.0]
	at io.cucumber.testng.TestNGCucumberRunner.lambda$runScenario$1(TestNGCucumberRunner.java:132) ~[cucumber-testng-7.0.0.jar:7.0.0]
	at io.cucumber.core.runtime.CucumberExecutionContext.lambda$runTestCase$3(CucumberExecutionContext.java:110) ~[cucumber-core-7.0.0.jar:7.0.0]
	at io.cucumber.core.runtime.RethrowingThrowableCollector.executeAndThrow(RethrowingThrowableCollector.java:23) ~[cucumber-core-7.0.0.jar:7.0.0]
	at io.cucumber.core.runtime.CucumberExecutionContext.runTestCase(CucumberExecutionContext.java:110) ~[cucumber-core-7.0.0.jar:7.0.0]
	at io.cucumber.testng.TestNGCucumberRunner.runScenario(TestNGCucumberRunner.java:129) ~[cucumber-testng-7.0.0.jar:7.0.0]
	at io.cucumber.testng.AbstractTestNGCucumberTests.runScenario(AbstractTestNGCucumberTests.java:35) ~[cucumber-testng-7.0.0.jar:7.0.0]
	at jdk.internal.reflect.NativeMethodAccessorImpl.invoke0(Native Method) ~[?:?]
	at jdk.internal.reflect.NativeMethodAccessorImpl.invoke(NativeMethodAccessorImpl.java:77) ~[?:?]
	at jdk.internal.reflect.DelegatingMethodAccessorImpl.invoke(DelegatingMethodAccessorImpl.java:43) ~[?:?]
	at java.lang.reflect.Method.invoke(Method.java:568) ~[?:?]
	at org.testng.internal.MethodInvocationHelper.invokeMethod(MethodInvocationHelper.java:133) ~[org.testng_7.4.0.r202105021533.jar:7.4.0]
	at org.testng.internal.TestInvoker.invokeMethod(TestInvoker.java:598) ~[org.testng_7.4.0.r202105021533.jar:7.4.0]
	at org.testng.internal.TestInvoker.invokeTestMethod(TestInvoker.java:173) ~[org.testng_7.4.0.r202105021533.jar:7.4.0]
	at org.testng.internal.MethodRunner.runInSequence(MethodRunner.java:46) ~[org.testng_7.4.0.r202105021533.jar:7.4.0]
	at org.testng.internal.TestInvoker$MethodInvocationAgent.invoke(TestInvoker.java:824) ~[org.testng_7.4.0.r202105021533.jar:7.4.0]
	at org.testng.internal.TestInvoker.invokeTestMethods(TestInvoker.java:146) ~[org.testng_7.4.0.r202105021533.jar:7.4.0]
	at org.testng.internal.TestMethodWorker.invokeTestMethods(TestMethodWorker.java:146) ~[org.testng_7.4.0.r202105021533.jar:7.4.0]
	at org.testng.internal.TestMethodWorker.run(TestMethodWorker.java:128) ~[org.testng_7.4.0.r202105021533.jar:7.4.0]
	at java.util.ArrayList.forEach(ArrayList.java:1511) [?:?]
	at org.testng.TestRunner.privateRun(TestRunner.java:794) [org.testng_7.4.0.r202105021533.jar:7.4.0]
	at org.testng.TestRunner.run(TestRunner.java:596) [org.testng_7.4.0.r202105021533.jar:7.4.0]
	at org.testng.SuiteRunner.runTest(SuiteRunner.java:377) [org.testng_7.4.0.r202105021533.jar:7.4.0]
	at org.testng.SuiteRunner.runSequentially(SuiteRunner.java:371) [org.testng_7.4.0.r202105021533.jar:7.4.0]
	at org.testng.SuiteRunner.privateRun(SuiteRunner.java:332) [org.testng_7.4.0.r202105021533.jar:7.4.0]
	at org.testng.SuiteRunner.run(SuiteRunner.java:276) [org.testng_7.4.0.r202105021533.jar:7.4.0]
	at org.testng.SuiteRunnerWorker.runSuite(SuiteRunnerWorker.java:53) [org.testng_7.4.0.r202105021533.jar:7.4.0]
	at org.testng.SuiteRunnerWorker.run(SuiteRunnerWorker.java:96) [org.testng_7.4.0.r202105021533.jar:7.4.0]
	at org.testng.TestNG.runSuitesSequentially(TestNG.java:1212) [org.testng_7.4.0.r202105021533.jar:7.4.0]
	at org.testng.TestNG.runSuitesLocally(TestNG.java:1134) [org.testng_7.4.0.r202105021533.jar:7.4.0]
	at org.testng.TestNG.runSuites(TestNG.java:1063) [org.testng_7.4.0.r202105021533.jar:7.4.0]
	at org.testng.TestNG.run(TestNG.java:1031) [org.testng_7.4.0.r202105021533.jar:7.4.0]
	at org.testng.remote.AbstractRemoteTestNG.run(AbstractRemoteTestNG.java:115) [testng-remote.jar:?]
	at org.testng.remote.RemoteTestNG.initAndRun(RemoteTestNG.java:251) [testng-remote.jar:?]
	at org.testng.remote.RemoteTestNG.main(RemoteTestNG.java:77) [testng-remote.jar:?]
16:03:18.863 [main] DEBUG io.netty.util.internal.PlatformDependent0 - java.nio.DirectByteBuffer.<init>(long, int): unavailable
16:03:18.863 [main] DEBUG io.netty.util.internal.PlatformDependent - sun.misc.Unsafe: available
16:03:18.863 [main] DEBUG io.netty.util.internal.PlatformDependent - maxDirectMemory: 4234149888 bytes (maybe)
16:03:18.864 [main] DEBUG io.netty.util.internal.PlatformDependent - -Dio.netty.tmpdir: C:\Users\M1073018\AppData\Local\Temp (java.io.tmpdir)
16:03:18.864 [main] DEBUG io.netty.util.internal.PlatformDependent - -Dio.netty.bitMode: 64 (sun.arch.data.model)
16:03:18.864 [main] DEBUG io.netty.util.internal.PlatformDependent - Platform: Windows
16:03:18.866 [main] DEBUG io.netty.util.internal.PlatformDependent - -Dio.netty.maxDirectMemory: -1 bytes
16:03:18.866 [main] DEBUG io.netty.util.internal.PlatformDependent - -Dio.netty.uninitializedArrayAllocationThreshold: -1
16:03:18.867 [main] DEBUG io.netty.util.internal.CleanerJava9 - java.nio.ByteBuffer.cleaner(): available
16:03:18.867 [main] DEBUG io.netty.util.internal.PlatformDependent - -Dio.netty.noPreferDirect: false
16:03:18.879 [main] DEBUG io.netty.util.internal.PlatformDependent - org.jctools-core.MpscChunkedArrayQueue: available
16:03:18.900 [main] DEBUG io.netty.util.internal.InternalThreadLocalMap - -Dio.netty.threadLocalMap.stringBuilder.initialSize: 1024
16:03:18.900 [main] DEBUG io.netty.util.internal.InternalThreadLocalMap - -Dio.netty.threadLocalMap.stringBuilder.maxSize: 4096
16:03:19.091 [main] DEBUG io.netty.handler.ssl.JdkSslContext - Default protocols (JDK): [TLSv1.3, TLSv1.2] 
16:03:19.091 [main] DEBUG io.netty.handler.ssl.JdkSslContext - Default cipher suites (JDK): [TLS_ECDHE_ECDSA_WITH_AES_256_GCM_SHA384, TLS_ECDHE_ECDSA_WITH_AES_128_GCM_SHA256, TLS_ECDHE_RSA_WITH_AES_128_GCM_SHA256, TLS_ECDHE_RSA_WITH_AES_256_GCM_SHA384, TLS_ECDHE_RSA_WITH_AES_128_CBC_SHA, TLS_ECDHE_RSA_WITH_AES_256_CBC_SHA, TLS_RSA_WITH_AES_128_GCM_SHA256, TLS_RSA_WITH_AES_128_CBC_SHA, TLS_RSA_WITH_AES_256_CBC_SHA, TLS_AES_128_GCM_SHA256, TLS_AES_256_GCM_SHA384]
16:03:19.118 [main] DEBUG io.netty.channel.MultithreadEventLoopGroup - -Dio.netty.eventLoopThreads: 16
16:03:19.127 [main] DEBUG io.netty.channel.nio.NioEventLoop - -Dio.netty.noKeySetOptimization: false
16:03:19.127 [main] DEBUG io.netty.channel.nio.NioEventLoop - -Dio.netty.selectorAutoRebuildThreshold: 512
16:03:19.141 [main] TRACE io.netty.channel.nio.NioEventLoop - instrumented a special java.util.Set into: sun.nio.ch.WEPollSelectorImpl@3ee69ad8
16:03:19.144 [main] TRACE io.netty.channel.nio.NioEventLoop - instrumented a special java.util.Set into: sun.nio.ch.WEPollSelectorImpl@60859f5a
16:03:19.148 [main] TRACE io.netty.channel.nio.NioEventLoop - instrumented a special java.util.Set into: sun.nio.ch.WEPollSelectorImpl@1daf3b44
16:03:19.151 [main] TRACE io.netty.channel.nio.NioEventLoop - instrumented a special java.util.Set into: sun.nio.ch.WEPollSelectorImpl@7fd8c559
16:03:19.153 [main] TRACE io.netty.channel.nio.NioEventLoop - instrumented a special java.util.Set into: sun.nio.ch.WEPollSelectorImpl@44c13103
16:03:19.155 [main] TRACE io.netty.channel.nio.NioEventLoop - instrumented a special java.util.Set into: sun.nio.ch.WEPollSelectorImpl@8f2098e
16:03:19.158 [main] TRACE io.netty.channel.nio.NioEventLoop - instrumented a special java.util.Set into: sun.nio.ch.WEPollSelectorImpl@6c6366cf
16:03:19.160 [main] TRACE io.netty.channel.nio.NioEventLoop - instrumented a special java.util.Set into: sun.nio.ch.WEPollSelectorImpl@55a88417
16:03:19.163 [main] TRACE io.netty.channel.nio.NioEventLoop - instrumented a special java.util.Set into: sun.nio.ch.WEPollSelectorImpl@18acfe88
16:03:19.166 [main] TRACE io.netty.channel.nio.NioEventLoop - instrumented a special java.util.Set into: sun.nio.ch.WEPollSelectorImpl@8a2a6a
16:03:19.169 [main] TRACE io.netty.channel.nio.NioEventLoop - instrumented a special java.util.Set into: sun.nio.ch.WEPollSelectorImpl@772861aa
16:03:19.171 [main] TRACE io.netty.channel.nio.NioEventLoop - instrumented a special java.util.Set into: sun.nio.ch.WEPollSelectorImpl@6631cb64
16:03:19.173 [main] TRACE io.netty.channel.nio.NioEventLoop - instrumented a special java.util.Set into: sun.nio.ch.WEPollSelectorImpl@19962194
16:03:19.176 [main] TRACE io.netty.channel.nio.NioEventLoop - instrumented a special java.util.Set into: sun.nio.ch.WEPollSelectorImpl@481e91b6
16:03:19.179 [main] TRACE io.netty.channel.nio.NioEventLoop - instrumented a special java.util.Set into: sun.nio.ch.WEPollSelectorImpl@7c8f9c2e
16:03:19.181 [main] TRACE io.netty.channel.nio.NioEventLoop - instrumented a special java.util.Set into: sun.nio.ch.WEPollSelectorImpl@140d1230
16:03:19.204 [main] DEBUG io.netty.buffer.PooledByteBufAllocator - -Dio.netty.allocator.numHeapArenas: 16
16:03:19.204 [main] DEBUG io.netty.buffer.PooledByteBufAllocator - -Dio.netty.allocator.numDirectArenas: 16
16:03:19.204 [main] DEBUG io.netty.buffer.PooledByteBufAllocator - -Dio.netty.allocator.pageSize: 8192
16:03:19.204 [main] DEBUG io.netty.buffer.PooledByteBufAllocator - -Dio.netty.allocator.maxOrder: 11
16:03:19.205 [main] DEBUG io.netty.buffer.PooledByteBufAllocator - -Dio.netty.allocator.chunkSize: 16777216
16:03:19.205 [main] DEBUG io.netty.buffer.PooledByteBufAllocator - -Dio.netty.allocator.smallCacheSize: 256
16:03:19.205 [main] DEBUG io.netty.buffer.PooledByteBufAllocator - -Dio.netty.allocator.normalCacheSize: 64
16:03:19.205 [main] DEBUG io.netty.buffer.PooledByteBufAllocator - -Dio.netty.allocator.maxCachedBufferCapacity: 32768
16:03:19.205 [main] DEBUG io.netty.buffer.PooledByteBufAllocator - -Dio.netty.allocator.cacheTrimInterval: 8192
16:03:19.205 [main] DEBUG io.netty.buffer.PooledByteBufAllocator - -Dio.netty.allocator.cacheTrimIntervalMillis: 0
16:03:19.205 [main] DEBUG io.netty.buffer.PooledByteBufAllocator - -Dio.netty.allocator.useCacheForAllThreads: true
16:03:19.206 [main] DEBUG io.netty.buffer.PooledByteBufAllocator - -Dio.netty.allocator.maxCachedByteBuffersPerChunk: 1023
16:03:19.216 [main] DEBUG io.netty.buffer.ByteBufUtil - -Dio.netty.allocator.type: pooled
16:03:19.216 [main] DEBUG io.netty.buffer.ByteBufUtil - -Dio.netty.threadLocalDirectBufferSize: 0
16:03:19.217 [main] DEBUG io.netty.buffer.ByteBufUtil - -Dio.netty.maxThreadLocalCharBufferSize: 16384
16:03:22.894 [Forwarding newSession on session null to remote] DEBUG io.netty.channel.DefaultChannelId - -Dio.netty.processId: 8708 (auto-detected)
16:03:22.902 [Forwarding newSession on session null to remote] DEBUG io.netty.util.NetUtil - -Djava.net.preferIPv4Stack: false
16:03:22.902 [Forwarding newSession on session null to remote] DEBUG io.netty.util.NetUtil - -Djava.net.preferIPv6Addresses: false
16:03:22.918 [Forwarding newSession on session null to remote] DEBUG io.netty.util.NetUtilInitializations - Loopback interface: lo (Software Loopback Interface 1, 127.0.0.1)
16:03:22.920 [Forwarding newSession on session null to remote] DEBUG io.netty.util.NetUtil - Failed to get SOMAXCONN from sysctl and file \proc\sys\net\core\somaxconn. Default: 200
16:03:22.956 [Forwarding newSession on session null to remote] DEBUG io.netty.channel.DefaultChannelId - -Dio.netty.machineId: 28:d0:ea:ff:fe:e2:9b:81 (auto-detected)
16:03:23.011 [AsyncHttpClient-1-2] DEBUG io.netty.buffer.AbstractByteBuf - -Dio.netty.buffer.checkAccessible: true
16:03:23.011 [AsyncHttpClient-1-2] DEBUG io.netty.buffer.AbstractByteBuf - -Dio.netty.buffer.checkBounds: true
16:03:23.011 [AsyncHttpClient-1-2] DEBUG io.netty.util.ResourceLeakDetectorFactory - Loaded default ResourceLeakDetector: io.netty.util.ResourceLeakDetector@5bdcb4c1
16:03:23.034 [AsyncHttpClient-1-2] DEBUG io.netty.util.Recycler - -Dio.netty.recycler.maxCapacityPerThread: 4096
16:03:23.034 [AsyncHttpClient-1-2] DEBUG io.netty.util.Recycler - -Dio.netty.recycler.maxSharedCapacityFactor: 2
16:03:23.034 [AsyncHttpClient-1-2] DEBUG io.netty.util.Recycler - -Dio.netty.recycler.linkCapacity: 16
16:03:23.034 [AsyncHttpClient-1-2] DEBUG io.netty.util.Recycler - -Dio.netty.recycler.ratio: 8
16:03:23.034 [AsyncHttpClient-1-2] DEBUG io.netty.util.Recycler - -Dio.netty.recycler.delayedQueue.ratio: 8
16:03:24.021 [AsyncHttpClient-1-2] DEBUG io.netty.handler.codec.compression.Brotli - brotli4j not in the classpath; Brotli support will be unavailable.
16:03:24.271 [main] DEBUG io.netty.util.internal.ThreadLocalRandom - -Dio.netty.initialSeedUniquifier: 0x4e0af476cf09007d
16:03:24.365 [main] INFO  com.mindtree.reusableComponant.Base - Invoking the website
16:03:35.320 [main] INFO  com.mindtree.reusableComponant.Base - Maximizing the window
16:03:35.462 [main] INFO  com.mindtree.reusableComponant.Base - Clicked on cart
16:03:35.680 [main] INFO  com.mindtree.reusableComponant.Base - Selecting the item
16:03:41.572 [main] INFO  com.mindtree.reusableComponant.Base - Adding the item to cart
16:03:41.834 [main] INFO  com.mindtree.reusableComponant.Base - Click on checkout
16:03:44.831 [main] INFO  com.mindtree.reusableComponant.Base - Closing the popup
16:03:53.599 [main] INFO  com.mindtree.reusableComponant.Base - Order Summary displayed sucessfully
16:03:53.640 [main] INFO  com.mindtree.reusableComponant.Base - Accessing the property file
16:03:53.640 [main] INFO  com.mindtree.reusableComponant.Base - Initializing Browser
16:03:56.423 [main] INFO  com.mindtree.reusableComponant.Base - Invoking the website
16:04:05.440 [main] INFO  com.mindtree.reusableComponant.Base - Maximizing the window
16:04:11.302 [main] INFO  com.mindtree.reusableComponant.Base - Clicking on All Of It section from Navigation Bar
16:04:11.302 [main] INFO  com.mindtree.reusableComponant.Base - Clicking on next page button
16:04:16.127 [main] INFO  com.mindtree.reusableComponant.Base - Verifying Next Page is displayed
16:04:16.349 [main] INFO  com.mindtree.reusableComponant.Base - Accessing the property file
16:04:16.350 [main] INFO  com.mindtree.reusableComponant.Base - Initializing Browser
16:04:20.509 [main] INFO  com.mindtree.reusableComponant.Base - Invoking the website
16:04:32.298 [main] INFO  com.mindtree.reusableComponant.Base - Maximizing the window
16:04:32.469 [main] INFO  com.mindtree.reusableComponant.Base - Click on contact us
16:04:38.228 [main] INFO  com.mindtree.reusableComponant.Base - Name entered
16:04:38.228 [main] INFO  com.mindtree.reusableComponant.Base - Sweta Bharti
16:04:38.228 [main] INFO  com.mindtree.reusableComponant.Base - Email-id entered
16:04:38.229 [main] INFO  com.mindtree.reusableComponant.Base - swetabharti@gmail.com
16:04:38.229 [main] INFO  com.mindtree.reusableComponant.Base - Message entered
16:04:38.229 [main] INFO  com.mindtree.reusableComponant.Base - bigsmall website
16:04:38.229 [main] INFO  com.mindtree.reusableComponant.Base - Click on submit
16:04:50.739 [main] INFO  com.mindtree.reusableComponant.Base - Accessing the property file
16:04:50.740 [main] INFO  com.mindtree.reusableComponant.Base - Initializing Browser
16:04:52.545 [main] INFO  com.mindtree.reusableComponant.Base - Invoking the website
16:05:01.696 [main] INFO  com.mindtree.reusableComponant.Base - Maximizing the window
16:05:01.848 [main] INFO  com.mindtree.reusableComponant.Base - Clicking on GiftCard
16:05:11.301 [main] INFO  com.mindtree.reusableComponant.Base - Enter post code in post code column
16:05:11.595 [main] INFO  com.mindtree.reusableComponant.Base - Desired Message is displayed
16:05:16.791 [main] INFO  com.mindtree.reusableComponant.Base - Accessing the property file
16:05:16.792 [main] INFO  com.mindtree.reusableComponant.Base - Initializing Browser
16:05:18.642 [main] INFO  com.mindtree.reusableComponant.Base - Invoking the website
16:05:27.761 [main] INFO  com.mindtree.reusableComponant.Base - Maximizing the window
16:05:28.043 [main] INFO  com.mindtree.reusableComponant.Base - Accessing the property file
16:05:28.044 [main] INFO  com.mindtree.reusableComponant.Base - Initializing Browser
16:05:29.962 [main] INFO  com.mindtree.reusableComponant.Base - Invoking the website
16:05:38.645 [main] INFO  com.mindtree.reusableComponant.Base - Maximizing the window
16:05:38.794 [main] INFO  com.mindtree.reusableComponant.Base - CLicking on sign in button
16:05:44.660 [main] INFO  com.mindtree.reusableComponant.Base - Entering username
16:05:44.896 [main] INFO  com.mindtree.reusableComponant.Base - Entering Password
16:05:45.040 [main] INFO  com.mindtree.reusableComponant.Base - Entered username= swetabharti@gmail.com
16:05:45.040 [main] INFO  com.mindtree.reusableComponant.Base - Entered password= bharti12334
16:05:45.041 [main] INFO  com.mindtree.reusableComponant.Base - Click on login
16:06:34.376 [main] INFO  com.mindtree.reusableComponant.Base - Sign in successful
16:06:34.391 [main] INFO  com.mindtree.reusableComponant.Base - Accessing the property file
16:06:34.391 [main] INFO  com.mindtree.reusableComponant.Base - Initializing Browser
16:06:36.297 [main] INFO  com.mindtree.reusableComponant.Base - Invoking the website
16:06:46.140 [main] INFO  com.mindtree.reusableComponant.Base - Maximizing the window
16:06:46.319 [main] INFO  com.mindtree.reusableComponant.Base - Hovered over Official Merchandise Tab
16:06:48.529 [main] INFO  com.mindtree.reusableComponant.Base - Hovered to Marvel Merchandise in subsection and clicked on it
16:06:56.660 [main] INFO  com.mindtree.reusableComponant.Base - Title Verified
16:06:56.683 [main] INFO  com.mindtree.reusableComponant.Base - Accessing the property file
16:06:56.683 [main] INFO  com.mindtree.reusableComponant.Base - Initializing Browser
16:06:58.425 [main] INFO  com.mindtree.reusableComponant.Base - Invoking the website
16:07:08.782 [main] INFO  com.mindtree.reusableComponant.Base - Maximizing the window
16:07:08.952 [main] INFO  com.mindtree.reusableComponant.Base - Entering text into the search bar
16:07:25.798 [main] INFO  com.mindtree.reusableComponant.Base - Product dsiplayed
16:07:25.934 [main] INFO  com.mindtree.reusableComponant.Base - Accessing the property file
16:07:25.935 [main] INFO  com.mindtree.reusableComponant.Base - Initializing Browser
16:07:27.778 [main] INFO  com.mindtree.reusableComponant.Base - Invoking the website
16:07:37.507 [main] INFO  com.mindtree.reusableComponant.Base - Maximizing the window
16:07:42.742 [main] INFO  com.mindtree.reusableComponant.Base - Accessing the property file
16:07:42.743 [main] INFO  com.mindtree.reusableComponant.Base - Initializing Browser
16:07:44.595 [main] INFO  com.mindtree.reusableComponant.Base - Invoking the website
16:08:11.392 [main] INFO  com.mindtree.reusableComponant.Base - Maximizing the window
16:08:11.547 [main] INFO  com.mindtree.reusableComponant.Base - Searching an item from the search bar
16:08:22.491 [main] INFO  com.mindtree.reusableComponant.Base - Clicked on the desired product
16:08:30.812 [main] INFO  com.mindtree.reusableComponant.Base - Clicked on the Add to wishlist
16:08:35.925 [main] INFO  com.mindtree.reusableComponant.Base - Clicked on View product in wishlist link and naviagated to the page
16:08:47.109 [main] INFO  com.mindtree.reusableComponant.Base - Product verified
16:08:52.493 [AsyncHttpClient-1-5] DEBUG io.netty.buffer.PoolThreadCache - Freed 19 thread-local buffer(s) from thread: AsyncHttpClient-1-5
16:08:52.494 [AsyncHttpClient-1-2] DEBUG io.netty.buffer.PoolThreadCache - Freed 26 thread-local buffer(s) from thread: AsyncHttpClient-1-2
16:08:52.496 [AsyncHttpClient-1-8] DEBUG io.netty.buffer.PoolThreadCache - Freed 15 thread-local buffer(s) from thread: AsyncHttpClient-1-8
16:08:52.496 [AsyncHttpClient-1-11] DEBUG io.netty.buffer.PoolThreadCache - Freed 20 thread-local buffer(s) from thread: AsyncHttpClient-1-11
16:08:52.498 [AsyncHttpClient-1-14] DEBUG io.netty.buffer.PoolThreadCache - Freed 19 thread-local buffer(s) from thread: AsyncHttpClient-1-14
16:08:52.499 [AsyncHttpClient-1-17] DEBUG io.netty.buffer.PoolThreadCache - Freed 24 thread-local buffer(s) from thread: AsyncHttpClient-1-17
